Release 14.4 Map P.49d (nt64)
Xilinx Mapping Report File for Design 'ADDRESSFIFO'

Design Information
------------------
Command Line   : map -intstyle ise -p xc7z020-clg484-1 -w -logic_opt off -ol
high -t 1 -xt 0 -register_duplication off -r 4 -mt off -ir off -pr off -lc off
-power off -o ADDRESSFIFO_map.ncd ADDRESSFIFO.ngd ADDRESSFIFO.pcf 
Target Device  : xc7z020
Target Package : clg484
Target Speed   : -1
Mapper Version : zynq -- $Revision: 1.55 $
Mapped Date    : Tue Jun 11 15:01:41 2013

Design Summary
--------------
Number of errors   :   1
Number of warnings :  70

Section 1 - Errors
------------------
ERROR:Pack:198 - NCD was not produced.  All logic was removed from the design. 
   This is usually due to having no input or output PAD connections in the
   design and no nets or symbols marked as 'SAVE'.  You can either add PADs or
   'SAVE' attributes to the design, or run 'map -u' to disable logic trimming in
   the mapper.  For more information on trimming issues search the Xilinx
   Answers database for "ERROR:Pack:198" and read the Master Answer Record for
   MAP Trimming Issues.

Section 2 - Warnings
--------------------
WARNING:MapLib:701 - Signal s_aclk connected to top level port s_aclk has been
   removed.
WARNING:MapLib:701 - Signal
   U0/xst_fifo_generator/gaxis_fifo.gaxisf.axisf/grf.rf/gntv_or_sync_fifo.mem/do
   ut_i<31> connected to top level port m_axis_tdata<31> has been removed.
WARNING:MapLib:701 - Signal
   U0/xst_fifo_generator/gaxis_fifo.gaxisf.axisf/grf.rf/gntv_or_sync_fifo.mem/do
   ut_i<30> connected to top level port m_axis_tdata<30> has been removed.
WARNING:MapLib:701 - Signal
   U0/xst_fifo_generator/gaxis_fifo.gaxisf.axisf/grf.rf/gntv_or_sync_fifo.mem/do
   ut_i<29> connected to top level port m_axis_tdata<29> has been removed.
WARNING:MapLib:701 - Signal
   U0/xst_fifo_generator/gaxis_fifo.gaxisf.axisf/grf.rf/gntv_or_sync_fifo.mem/do
   ut_i<28> connected to top level port m_axis_tdata<28> has been removed.
WARNING:MapLib:701 - Signal
   U0/xst_fifo_generator/gaxis_fifo.gaxisf.axisf/grf.rf/gntv_or_sync_fifo.mem/do
   ut_i<27> connected to top level port m_axis_tdata<27> has been removed.
WARNING:MapLib:701 - Signal
   U0/xst_fifo_generator/gaxis_fifo.gaxisf.axisf/grf.rf/gntv_or_sync_fifo.mem/do
   ut_i<26> connected to top level port m_axis_tdata<26> has been removed.
WARNING:MapLib:701 - Signal
   U0/xst_fifo_generator/gaxis_fifo.gaxisf.axisf/grf.rf/gntv_or_sync_fifo.mem/do
   ut_i<25> connected to top level port m_axis_tdata<25> has been removed.
WARNING:MapLib:701 - Signal
   U0/xst_fifo_generator/gaxis_fifo.gaxisf.axisf/grf.rf/gntv_or_sync_fifo.mem/do
   ut_i<24> connected to top level port m_axis_tdata<24> has been removed.
WARNING:MapLib:701 - Signal
   U0/xst_fifo_generator/gaxis_fifo.gaxisf.axisf/grf.rf/gntv_or_sync_fifo.mem/do
   ut_i<23> connected to top level port m_axis_tdata<23> has been removed.
WARNING:MapLib:701 - Signal
   U0/xst_fifo_generator/gaxis_fifo.gaxisf.axisf/grf.rf/gntv_or_sync_fifo.mem/do
   ut_i<22> connected to top level port m_axis_tdata<22> has been removed.
WARNING:MapLib:701 - Signal
   U0/xst_fifo_generator/gaxis_fifo.gaxisf.axisf/grf.rf/gntv_or_sync_fifo.mem/do
   ut_i<21> connected to top level port m_axis_tdata<21> has been removed.
WARNING:MapLib:701 - Signal
   U0/xst_fifo_generator/gaxis_fifo.gaxisf.axisf/grf.rf/gntv_or_sync_fifo.mem/do
   ut_i<20> connected to top level port m_axis_tdata<20> has been removed.
WARNING:MapLib:701 - Signal
   U0/xst_fifo_generator/gaxis_fifo.gaxisf.axisf/grf.rf/gntv_or_sync_fifo.mem/do
   ut_i<19> connected to top level port m_axis_tdata<19> has been removed.
WARNING:MapLib:701 - Signal
   U0/xst_fifo_generator/gaxis_fifo.gaxisf.axisf/grf.rf/gntv_or_sync_fifo.mem/do
   ut_i<18> connected to top level port m_axis_tdata<18> has been removed.
WARNING:MapLib:701 - Signal
   U0/xst_fifo_generator/gaxis_fifo.gaxisf.axisf/grf.rf/gntv_or_sync_fifo.mem/do
   ut_i<17> connected to top level port m_axis_tdata<17> has been removed.
WARNING:MapLib:701 - Signal
   U0/xst_fifo_generator/gaxis_fifo.gaxisf.axisf/grf.rf/gntv_or_sync_fifo.mem/do
   ut_i<16> connected to top level port m_axis_tdata<16> has been removed.
WARNING:MapLib:701 - Signal
   U0/xst_fifo_generator/gaxis_fifo.gaxisf.axisf/grf.rf/gntv_or_sync_fifo.mem/do
   ut_i<15> connected to top level port m_axis_tdata<15> has been removed.
WARNING:MapLib:701 - Signal
   U0/xst_fifo_generator/gaxis_fifo.gaxisf.axisf/grf.rf/gntv_or_sync_fifo.mem/do
   ut_i<14> connected to top level port m_axis_tdata<14> has been removed.
WARNING:MapLib:701 - Signal
   U0/xst_fifo_generator/gaxis_fifo.gaxisf.axisf/grf.rf/gntv_or_sync_fifo.mem/do
   ut_i<13> connected to top level port m_axis_tdata<13> has been removed.
WARNING:MapLib:701 - Signal
   U0/xst_fifo_generator/gaxis_fifo.gaxisf.axisf/grf.rf/gntv_or_sync_fifo.mem/do
   ut_i<12> connected to top level port m_axis_tdata<12> has been removed.
WARNING:MapLib:701 - Signal
   U0/xst_fifo_generator/gaxis_fifo.gaxisf.axisf/grf.rf/gntv_or_sync_fifo.mem/do
   ut_i<11> connected to top level port m_axis_tdata<11> has been removed.
WARNING:MapLib:701 - Signal
   U0/xst_fifo_generator/gaxis_fifo.gaxisf.axisf/grf.rf/gntv_or_sync_fifo.mem/do
   ut_i<10> connected to top level port m_axis_tdata<10> has been removed.
WARNING:MapLib:701 - Signal
   U0/xst_fifo_generator/gaxis_fifo.gaxisf.axisf/grf.rf/gntv_or_sync_fifo.mem/do
   ut_i<9> connected to top level port m_axis_tdata<9> has been removed.
WARNING:MapLib:701 - Signal
   U0/xst_fifo_generator/gaxis_fifo.gaxisf.axisf/grf.rf/gntv_or_sync_fifo.mem/do
   ut_i<8> connected to top level port m_axis_tdata<8> has been removed.
WARNING:MapLib:701 - Signal
   U0/xst_fifo_generator/gaxis_fifo.gaxisf.axisf/grf.rf/gntv_or_sync_fifo.mem/do
   ut_i<7> connected to top level port m_axis_tdata<7> has been removed.
WARNING:MapLib:701 - Signal
   U0/xst_fifo_generator/gaxis_fifo.gaxisf.axisf/grf.rf/gntv_or_sync_fifo.mem/do
   ut_i<6> connected to top level port m_axis_tdata<6> has been removed.
WARNING:MapLib:701 - Signal
   U0/xst_fifo_generator/gaxis_fifo.gaxisf.axisf/grf.rf/gntv_or_sync_fifo.mem/do
   ut_i<5> connected to top level port m_axis_tdata<5> has been removed.
WARNING:MapLib:701 - Signal
   U0/xst_fifo_generator/gaxis_fifo.gaxisf.axisf/grf.rf/gntv_or_sync_fifo.mem/do
   ut_i<4> connected to top level port m_axis_tdata<4> has been removed.
WARNING:MapLib:701 - Signal
   U0/xst_fifo_generator/gaxis_fifo.gaxisf.axisf/grf.rf/gntv_or_sync_fifo.mem/do
   ut_i<3> connected to top level port m_axis_tdata<3> has been removed.
WARNING:MapLib:701 - Signal
   U0/xst_fifo_generator/gaxis_fifo.gaxisf.axisf/grf.rf/gntv_or_sync_fifo.mem/do
   ut_i<2> connected to top level port m_axis_tdata<2> has been removed.
WARNING:MapLib:701 - Signal
   U0/xst_fifo_generator/gaxis_fifo.gaxisf.axisf/grf.rf/gntv_or_sync_fifo.mem/do
   ut_i<1> connected to top level port m_axis_tdata<1> has been removed.
WARNING:MapLib:701 - Signal
   U0/xst_fifo_generator/gaxis_fifo.gaxisf.axisf/grf.rf/gntv_or_sync_fifo.mem/do
   ut_i<0> connected to top level port m_axis_tdata<0> has been removed.
WARNING:MapLib:701 - Signal s_axis_tdata<31> connected to top level port
   s_axis_tdata<31> has been removed.
WARNING:MapLib:701 - Signal s_axis_tdata<30> connected to top level port
   s_axis_tdata<30> has been removed.
WARNING:MapLib:701 - Signal s_axis_tdata<29> connected to top level port
   s_axis_tdata<29> has been removed.
WARNING:MapLib:701 - Signal s_axis_tdata<28> connected to top level port
   s_axis_tdata<28> has been removed.
WARNING:MapLib:701 - Signal s_axis_tdata<27> connected to top level port
   s_axis_tdata<27> has been removed.
WARNING:MapLib:701 - Signal s_axis_tdata<26> connected to top level port
   s_axis_tdata<26> has been removed.
WARNING:MapLib:701 - Signal s_axis_tdata<25> connected to top level port
   s_axis_tdata<25> has been removed.
WARNING:MapLib:701 - Signal s_axis_tdata<24> connected to top level port
   s_axis_tdata<24> has been removed.
WARNING:MapLib:701 - Signal s_axis_tdata<23> connected to top level port
   s_axis_tdata<23> has been removed.
WARNING:MapLib:701 - Signal s_axis_tdata<22> connected to top level port
   s_axis_tdata<22> has been removed.
WARNING:MapLib:701 - Signal s_axis_tdata<21> connected to top level port
   s_axis_tdata<21> has been removed.
WARNING:MapLib:701 - Signal s_axis_tdata<20> connected to top level port
   s_axis_tdata<20> has been removed.
WARNING:MapLib:701 - Signal s_axis_tdata<19> connected to top level port
   s_axis_tdata<19> has been removed.
WARNING:MapLib:701 - Signal s_axis_tdata<18> connected to top level port
   s_axis_tdata<18> has been removed.
WARNING:MapLib:701 - Signal s_axis_tdata<17> connected to top level port
   s_axis_tdata<17> has been removed.
WARNING:MapLib:701 - Signal s_axis_tdata<16> connected to top level port
   s_axis_tdata<16> has been removed.
WARNING:MapLib:701 - Signal s_axis_tdata<15> connected to top level port
   s_axis_tdata<15> has been removed.
WARNING:MapLib:701 - Signal s_axis_tdata<14> connected to top level port
   s_axis_tdata<14> has been removed.
WARNING:MapLib:701 - Signal s_axis_tdata<13> connected to top level port
   s_axis_tdata<13> has been removed.
WARNING:MapLib:701 - Signal s_axis_tdata<12> connected to top level port
   s_axis_tdata<12> has been removed.
WARNING:MapLib:701 - Signal s_axis_tdata<11> connected to top level port
   s_axis_tdata<11> has been removed.
WARNING:MapLib:701 - Signal s_axis_tdata<10> connected to top level port
   s_axis_tdata<10> has been removed.
WARNING:MapLib:701 - Signal s_axis_tdata<9> connected to top level port
   s_axis_tdata<9> has been removed.
WARNING:MapLib:701 - Signal s_axis_tdata<8> connected to top level port
   s_axis_tdata<8> has been removed.
WARNING:MapLib:701 - Signal s_axis_tdata<7> connected to top level port
   s_axis_tdata<7> has been removed.
WARNING:MapLib:701 - Signal s_axis_tdata<6> connected to top level port
   s_axis_tdata<6> has been removed.
WARNING:MapLib:701 - Signal s_axis_tdata<5> connected to top level port
   s_axis_tdata<5> has been removed.
WARNING:MapLib:701 - Signal s_axis_tdata<4> connected to top level port
   s_axis_tdata<4> has been removed.
WARNING:MapLib:701 - Signal s_axis_tdata<3> connected to top level port
   s_axis_tdata<3> has been removed.
WARNING:MapLib:701 - Signal s_axis_tdata<2> connected to top level port
   s_axis_tdata<2> has been removed.
WARNING:MapLib:701 - Signal s_axis_tdata<1> connected to top level port
   s_axis_tdata<1> has been removed.
WARNING:MapLib:701 - Signal s_axis_tdata<0> connected to top level port
   s_axis_tdata<0> has been removed.
WARNING:MapLib:701 - Signal s_axis_tvalid connected to top level port
   s_axis_tvalid has been removed.
WARNING:MapLib:701 - Signal m_axis_tready connected to top level port
   m_axis_tready has been removed.
WARNING:MapLib:701 - Signal m_axis_tvalid connected to top level port
   m_axis_tvalid has been removed.
WARNING:MapLib:701 - Signal s_axis_tready connected to top level port
   s_axis_tready has been removed.
WARNING:MapLib:701 - Signal s_aresetn connected to top level port s_aresetn has
   been removed.

Section 3 - Informational
-------------------------
INFO:LIT:243 - Logical network s_axis_tready has no load.
INFO:LIT:395 - The above info message is repeated 33 more times for the
   following (max. 5 shown):
   m_axis_tvalid,
   U0/xst_fifo_generator/gaxis_fifo.gaxisf.axisf/grf.rf/gntv_or_sync_fifo.mem/do
   ut_i<0>,
   U0/xst_fifo_generator/gaxis_fifo.gaxisf.axisf/grf.rf/gntv_or_sync_fifo.mem/do
   ut_i<1>,
   U0/xst_fifo_generator/gaxis_fifo.gaxisf.axisf/grf.rf/gntv_or_sync_fifo.mem/do
   ut_i<2>,
   U0/xst_fifo_generator/gaxis_fifo.gaxisf.axisf/grf.rf/gntv_or_sync_fifo.mem/do
   ut_i<3>
   To see the details of these info messages, please use the -detail switch.

Section 4 - Removed Logic Summary
---------------------------------
 172 block(s) removed
 239 signal(s) removed

Section 5 - Removed Logic
-------------------------

The trimmed logic report below shows the logic removed from your design due to
sourceless or loadless signals, and VCC or ground connections.  If the removal
of a signal or symbol results in the subsequent removal of an additional signal
or symbol, the message explaining that second removal will be indented.  This
indentation will be repeated as a chain of related logic is removed.

To quickly locate the original cause for the removal of a chain of logic, look
above the place where that logic is listed in the trimming report, then locate
the lines that are least indented (begin at the leftmost edge).

The signal "s_axis_tready" is loadless and has been removed.
 Loadless block "U0/xst_fifo_generator/gaxis_fifo.axis_s_axis_tready1_INV_0"
(BUF) removed.
  The signal
"U0/xst_fifo_generator/gaxis_fifo.gaxisf.axisf/grf.rf/gntv_or_sync_fifo.gl0.wr/g
wss.wsts/ram_full_i" is loadless and has been removed.
   Loadless block
"U0/xst_fifo_generator/gaxis_fifo.gaxisf.axisf/grf.rf/gntv_or_sync_fifo.gl0.wr/g
wss.wsts/ram_full_i" (FF) removed.
    The signal "s_aclk" is loadless and has been removed.
    The signal
"U0/xst_fifo_generator/gaxis_fifo.gaxisf.axisf/grf.rf/gntv_or_sync_fifo.gl0.wr/g
wss.wsts/ram_full_comb" is loadless and has been removed.
     Loadless block
"U0/xst_fifo_generator/gaxis_fifo.gaxisf.axisf/grf.rf/gntv_or_sync_fifo.gl0.wr/g
wss.wsts/ram_full_comb1" (ROM) removed.
      The signal "s_axis_tvalid" is loadless and has been removed.
      The signal
"U0/xst_fifo_generator/gaxis_fifo.gaxisf.axisf/grf.rf/rstblk/RST_FULL_GEN" is
loadless and has been removed.
       Loadless block
"U0/xst_fifo_generator/gaxis_fifo.gaxisf.axisf/grf.rf/rstblk/RST_FULL_GEN" (FF)
removed.
        The signal "U0/xst_fifo_generator/inverted_reset" is loadless and has been
removed.
         Loadless block "U0/xst_fifo_generator/inverted_reset1_INV_0" (BUF) removed.
          The signal "s_aresetn" is loadless and has been removed.
        The signal
"U0/xst_fifo_generator/gaxis_fifo.gaxisf.axisf/grf.rf/rstblk/grstd1.grst_full.rs
t_d3" is loadless and has been removed.
         Loadless block
"U0/xst_fifo_generator/gaxis_fifo.gaxisf.axisf/grf.rf/rstblk/grstd1.grst_full.rs
t_d3" (FF) removed.
          The signal
"U0/xst_fifo_generator/gaxis_fifo.gaxisf.axisf/grf.rf/rstblk/grstd1.grst_full.rs
t_d2" is loadless and has been removed.
           Loadless block
"U0/xst_fifo_generator/gaxis_fifo.gaxisf.axisf/grf.rf/rstblk/grstd1.grst_full.rs
t_d2" (FF) removed.
            The signal
"U0/xst_fifo_generator/gaxis_fifo.gaxisf.axisf/grf.rf/rstblk/grstd1.grst_full.rs
t_d1" is loadless and has been removed.
             Loadless block
"U0/xst_fifo_generator/gaxis_fifo.gaxisf.axisf/grf.rf/rstblk/grstd1.grst_full.rs
t_d1" (FF) removed.
              The signal "N1" is loadless and has been removed.
               Loadless block "XST_GND" (ZERO) removed.
      The signal
"U0/xst_fifo_generator/gaxis_fifo.gaxisf.axisf/grf.rf/gntv_or_sync_fifo.gl0.wr/g
wss.wsts/ram_full_fb_i" is loadless and has been removed.
       Loadless block
"U0/xst_fifo_generator/gaxis_fifo.gaxisf.axisf/grf.rf/gntv_or_sync_fifo.gl0.wr/g
wss.wsts/ram_full_fb_i" (FF) removed.
      The signal
"U0/xst_fifo_generator/gaxis_fifo.gaxisf.axisf/grf.rf/gntv_or_sync_fifo.mem/tmp_
ram_rd_en" is loadless and has been removed.
       Loadless block
"U0/xst_fifo_generator/gaxis_fifo.gaxisf.axisf/grf.rf/gntv_or_sync_fifo.gl0.rd/g
r1.rfwft/Mmux_RAM_RD_EN_FWFT11" (ROM) removed.
        The signal "m_axis_tready" is loadless and has been removed.
        The signal
"U0/xst_fifo_generator/gaxis_fifo.gaxisf.axisf/grf.rf/gntv_or_sync_fifo.gl0.rd/g
rss.rsts/ram_empty_fb_i" is loadless and has been removed.
         Loadless block
"U0/xst_fifo_generator/gaxis_fifo.gaxisf.axisf/grf.rf/gntv_or_sync_fifo.gl0.rd/g
rss.rsts/ram_empty_fb_i" (FF) removed.
          The signal
"U0/xst_fifo_generator/gaxis_fifo.gaxisf.axisf/grf.rf/gntv_or_sync_fifo.gl0.rd/g
rss.rsts/going_empty_leaving_empty_OR_6_o" is loadless and has been removed.
           Loadless block
"U0/xst_fifo_generator/gaxis_fifo.gaxisf.axisf/grf.rf/gntv_or_sync_fifo.gl0.rd/g
rss.rsts/going_empty_leaving_empty_OR_6_o1" (ROM) removed.
            The signal
"U0/xst_fifo_generator/gaxis_fifo.gaxisf.axisf/grf.rf/gntv_or_sync_fifo.gl0.rd/g
rss.rsts/comp0" is loadless and has been removed.
             Loadless block
"U0/xst_fifo_generator/gaxis_fifo.gaxisf.axisf/grf.rf/gntv_or_sync_fifo.gl0.rd/g
rss.rsts/c1/gmux.gm[4].gms.ms" (MUX) removed.
              The signal
"U0/xst_fifo_generator/gaxis_fifo.gaxisf.axisf/grf.rf/gntv_or_sync_fifo.gl0.rd/g
rss.rsts/c1/gmux.carrynet<3>" is loadless and has been removed.
               Loadless block
"U0/xst_fifo_generator/gaxis_fifo.gaxisf.axisf/grf.rf/gntv_or_sync_fifo.gl0.rd/g
rss.rsts/c1/gmux.gm[3].gms.ms" (MUX) removed.
                The signal
"U0/xst_fifo_generator/gaxis_fifo.gaxisf.axisf/grf.rf/gntv_or_sync_fifo.gl0.rd/g
rss.rsts/c1/gmux.carrynet<2>" is loadless and has been removed.
                 Loadless block
"U0/xst_fifo_generator/gaxis_fifo.gaxisf.axisf/grf.rf/gntv_or_sync_fifo.gl0.rd/g
rss.rsts/c1/gmux.gm[2].gms.ms" (MUX) removed.
                  The signal
"U0/xst_fifo_generator/gaxis_fifo.gaxisf.axisf/grf.rf/gntv_or_sync_fifo.gl0.rd/g
rss.rsts/c1/gmux.carrynet<1>" is loadless and has been removed.
                   Loadless block
"U0/xst_fifo_generator/gaxis_fifo.gaxisf.axisf/grf.rf/gntv_or_sync_fifo.gl0.rd/g
rss.rsts/c1/gmux.gm[1].gms.ms" (MUX) removed.
                    The signal
"U0/xst_fifo_generator/gaxis_fifo.gaxisf.axisf/grf.rf/gntv_or_sync_fifo.gl0.rd/g
rss.rsts/c1/gmux.carrynet<0>" is loadless and has been removed.
                     Loadless block
"U0/xst_fifo_generator/gaxis_fifo.gaxisf.axisf/grf.rf/gntv_or_sync_fifo.gl0.rd/g
rss.rsts/c1/gmux.gm[0].gm1.m1" (MUX) removed.
                      The signal "N0" is loadless and has been removed.
                       Loadless block "XST_VCC" (ONE) removed.
                      The signal
"U0/xst_fifo_generator/gaxis_fifo.gaxisf.axisf/grf.rf/gntv_or_sync_fifo.gl0.rd/g
rss.rsts/c1/v1<0>" is loadless and has been removed.
                       Loadless block
"U0/xst_fifo_generator/gaxis_fifo.gaxisf.axisf/grf.rf/gntv_or_sync_fifo.gl0.rd/g
rss.rsts/c1/v1<0>1" (ROM) removed.
                        The signal
"U0/xst_fifo_generator/gaxis_fifo.gaxisf.axisf/grf.rf/gntv_or_sync_fifo.gl0.rd/r
pntr/gc0.count_d1<1>" is loadless and has been removed.
                         Loadless block
"U0/xst_fifo_generator/gaxis_fifo.gaxisf.axisf/grf.rf/gntv_or_sync_fifo.gl0.rd/r
pntr/gc0.count_d1_1" (FF) removed.
                          The signal
"U0/xst_fifo_generator/gaxis_fifo.gaxisf.axisf/grf.rf/rstblk/ngwrdrst.grst.rd_rs
t_reg<2>" is loadless and has been removed.
                           Loadless block
"U0/xst_fifo_generator/gaxis_fifo.gaxisf.axisf/grf.rf/rstblk/ngwrdrst.grst.rd_rs
t_reg_2" (FF) removed.
                            The signal
"U0/xst_fifo_generator/gaxis_fifo.gaxisf.axisf/grf.rf/rstblk/rd_rst_comb" is
loadless and has been removed.
                             Loadless block
"U0/xst_fifo_generator/gaxis_fifo.gaxisf.axisf/grf.rf/rstblk/rd_rst_comb1" (ROM)
removed.
                              The signal
"U0/xst_fifo_generator/gaxis_fifo.gaxisf.axisf/grf.rf/rstblk/rd_rst_asreg" is
loadless and has been removed.
                               Loadless block
"U0/xst_fifo_generator/gaxis_fifo.gaxisf.axisf/grf.rf/rstblk/rd_rst_asreg" (FF)
removed.
                                The signal
"U0/xst_fifo_generator/gaxis_fifo.gaxisf.axisf/grf.rf/rstblk/rd_rst_asreg_GND_12
_o_MUX_2_o" is loadless and has been removed.
                                 Loadless block
"U0/xst_fifo_generator/gaxis_fifo.gaxisf.axisf/grf.rf/rstblk/Mmux_rd_rst_asreg_G
ND_12_o_MUX_2_o11" (ROM) removed.
                                  The signal
"U0/xst_fifo_generator/gaxis_fifo.gaxisf.axisf/grf.rf/rstblk/rd_rst_asreg_d1" is
loadless and has been removed.
                                   Loadless block
"U0/xst_fifo_generator/gaxis_fifo.gaxisf.axisf/grf.rf/rstblk/rd_rst_asreg_d1"
(FF) removed.
                              The signal
"U0/xst_fifo_generator/gaxis_fifo.gaxisf.axisf/grf.rf/rstblk/rd_rst_asreg_d2" is
loadless and has been removed.
                               Loadless block
"U0/xst_fifo_generator/gaxis_fifo.gaxisf.axisf/grf.rf/rstblk/rd_rst_asreg_d2"
(FF) removed.
                          The signal
"U0/xst_fifo_generator/gaxis_fifo.gaxisf.axisf/grf.rf/gntv_or_sync_fifo.gl0.rd/r
pntr/gc0.count<1>" is loadless and has been removed.
                           Loadless block
"U0/xst_fifo_generator/gaxis_fifo.gaxisf.axisf/grf.rf/gntv_or_sync_fifo.gl0.rd/r
pntr/gc0.count_1" (FF) removed.
                            The signal
"U0/xst_fifo_generator/gaxis_fifo.gaxisf.axisf/grf.rf/gntv_or_sync_fifo.gl0.rd/r
pntr/gc0.count[9]_GND_262_o_add_0_OUT<1>" is loadless and has been removed.
                             Loadless block
"U0/xst_fifo_generator/gaxis_fifo.gaxisf.axisf/grf.rf/gntv_or_sync_fifo.gl0.rd/r
pntr/Madd_gc0.count[9]_GND_262_o_add_0_OUT_xor<1>11" (ROM) removed.
                              The signal
"U0/xst_fifo_generator/gaxis_fifo.gaxisf.axisf/grf.rf/gntv_or_sync_fifo.gl0.rd/r
pntr/gc0.count<0>" is loadless and has been removed.
                               Loadless block
"U0/xst_fifo_generator/gaxis_fifo.gaxisf.axisf/grf.rf/gntv_or_sync_fifo.gl0.rd/r
pntr/gc0.count_0" (FF) removed.
                                The signal
"U0/xst_fifo_generator/gaxis_fifo.gaxisf.axisf/grf.rf/gntv_or_sync_fifo.gl0.rd/r
d_pntr_plus1<0>_inv" is loadless and has been removed.
                                 Loadless block
"U0/xst_fifo_generator/gaxis_fifo.gaxisf.axisf/grf.rf/gntv_or_sync_fifo.gl0.rd/r
pntr/Madd_gc0.count[9]_GND_262_o_add_0_OUT_xor<0>11_INV_0" (BUF) removed.
                        The signal
"U0/xst_fifo_generator/gaxis_fifo.gaxisf.axisf/grf.rf/gntv_or_sync_fifo.gl0.wr/w
pntr/gcc0.gc0.count_d1<1>" is loadless and has been removed.
                         Loadless block
"U0/xst_fifo_generator/gaxis_fifo.gaxisf.axisf/grf.rf/gntv_or_sync_fifo.gl0.wr/w
pntr/gcc0.gc0.count_d1_1" (FF) removed.
                          The signal "U0/xst_fifo_generator/gaxis_fifo.gaxisf.axisf/grf.rf/ram_wr_en" is
loadless and has been removed.
                           Loadless block
"U0/xst_fifo_generator/gaxis_fifo.gaxisf.axisf/grf.rf/gntv_or_sync_fifo.gl0.wr/r
am_wr_en_i1" (ROM) removed.
                          The signal
"U0/xst_fifo_generator/gaxis_fifo.gaxisf.axisf/grf.rf/rstblk/ngwrdrst.grst.wr_rs
t_reg<1>" is loadless and has been removed.
                           Loadless block
"U0/xst_fifo_generator/gaxis_fifo.gaxisf.axisf/grf.rf/rstblk/ngwrdrst.grst.wr_rs
t_reg_1" (FF) removed.
                            The signal
"U0/xst_fifo_generator/gaxis_fifo.gaxisf.axisf/grf.rf/rstblk/wr_rst_comb" is
loadless and has been removed.
                             Loadless block
"U0/xst_fifo_generator/gaxis_fifo.gaxisf.axisf/grf.rf/rstblk/wr_rst_comb1" (ROM)
removed.
                              The signal
"U0/xst_fifo_generator/gaxis_fifo.gaxisf.axisf/grf.rf/rstblk/wr_rst_asreg" is
loadless and has been removed.
                               Loadless block
"U0/xst_fifo_generator/gaxis_fifo.gaxisf.axisf/grf.rf/rstblk/wr_rst_asreg" (FF)
removed.
                                The signal
"U0/xst_fifo_generator/gaxis_fifo.gaxisf.axisf/grf.rf/rstblk/wr_rst_asreg_GND_12
_o_MUX_1_o" is loadless and has been removed.
                                 Loadless block
"U0/xst_fifo_generator/gaxis_fifo.gaxisf.axisf/grf.rf/rstblk/Mmux_wr_rst_asreg_G
ND_12_o_MUX_1_o11" (ROM) removed.
                                  The signal
"U0/xst_fifo_generator/gaxis_fifo.gaxisf.axisf/grf.rf/rstblk/wr_rst_asreg_d1" is
loadless and has been removed.
                                   Loadless block
"U0/xst_fifo_generator/gaxis_fifo.gaxisf.axisf/grf.rf/rstblk/wr_rst_asreg_d1"
(FF) removed.
                              The signal
"U0/xst_fifo_generator/gaxis_fifo.gaxisf.axisf/grf.rf/rstblk/wr_rst_asreg_d2" is
loadless and has been removed.
                               Loadless block
"U0/xst_fifo_generator/gaxis_fifo.gaxisf.axisf/grf.rf/rstblk/wr_rst_asreg_d2"
(FF) removed.
                          The signal
"U0/xst_fifo_generator/gaxis_fifo.gaxisf.axisf/grf.rf/gntv_or_sync_fifo.gl0.wr/w
pntr/gcc0.gc0.count<1>" is loadless and has been removed.
                           Loadless block
"U0/xst_fifo_generator/gaxis_fifo.gaxisf.axisf/grf.rf/gntv_or_sync_fifo.gl0.wr/w
pntr/gcc0.gc0.count_1" (FF) removed.
                            The signal
"U0/xst_fifo_generator/gaxis_fifo.gaxisf.axisf/grf.rf/gntv_or_sync_fifo.gl0.wr/w
pntr/gcc0.gc0.count[9]_GND_275_o_add_0_OUT<1>" is loadless and has been removed.
                             Loadless block
"U0/xst_fifo_generator/gaxis_fifo.gaxisf.axisf/grf.rf/gntv_or_sync_fifo.gl0.wr/w
pntr/Madd_gcc0.gc0.count[9]_GND_275_o_add_0_OUT_xor<1>11" (ROM) removed.
                              The signal
"U0/xst_fifo_generator/gaxis_fifo.gaxisf.axisf/grf.rf/gntv_or_sync_fifo.gl0.wr/w
pntr/gcc0.gc0.count_d1<0>" is loadless and has been removed.
                               Loadless block
"U0/xst_fifo_generator/gaxis_fifo.gaxisf.axisf/grf.rf/gntv_or_sync_fifo.gl0.wr/w
pntr/gcc0.gc0.count_d1_0" (FF) removed.
                                The signal
"U0/xst_fifo_generator/gaxis_fifo.gaxisf.axisf/grf.rf/gntv_or_sync_fifo.gl0.wr/w
r_pntr_plus1<0>" is loadless and has been removed.
                                 Loadless block
"U0/xst_fifo_generator/gaxis_fifo.gaxisf.axisf/grf.rf/wr_pntr<0>_inv1_INV_0"
(BUF) removed.
                    The signal
"U0/xst_fifo_generator/gaxis_fifo.gaxisf.axisf/grf.rf/gntv_or_sync_fifo.gl0.rd/g
rss.rsts/c1/v1<1>" is loadless and has been removed.
                     Loadless block
"U0/xst_fifo_generator/gaxis_fifo.gaxisf.axisf/grf.rf/gntv_or_sync_fifo.gl0.rd/g
rss.rsts/c1/v1<1>1" (ROM) removed.
                      The signal
"U0/xst_fifo_generator/gaxis_fifo.gaxisf.axisf/grf.rf/gntv_or_sync_fifo.gl0.rd/r
pntr/gc0.count_d1<3>" is loadless and has been removed.
                       Loadless block
"U0/xst_fifo_generator/gaxis_fifo.gaxisf.axisf/grf.rf/gntv_or_sync_fifo.gl0.rd/r
pntr/gc0.count_d1_3" (FF) removed.
                        The signal
"U0/xst_fifo_generator/gaxis_fifo.gaxisf.axisf/grf.rf/gntv_or_sync_fifo.gl0.rd/r
pntr/gc0.count<3>" is loadless and has been removed.
                         Loadless block
"U0/xst_fifo_generator/gaxis_fifo.gaxisf.axisf/grf.rf/gntv_or_sync_fifo.gl0.rd/r
pntr/gc0.count_3" (FF) removed.
                          The signal
"U0/xst_fifo_generator/gaxis_fifo.gaxisf.axisf/grf.rf/gntv_or_sync_fifo.gl0.rd/r
pntr/gc0.count[9]_GND_262_o_add_0_OUT<3>" is loadless and has been removed.
                           Loadless block
"U0/xst_fifo_generator/gaxis_fifo.gaxisf.axisf/grf.rf/gntv_or_sync_fifo.gl0.rd/r
pntr/Madd_gc0.count[9]_GND_262_o_add_0_OUT_xor<3>11" (ROM) removed.
                            The signal
"U0/xst_fifo_generator/gaxis_fifo.gaxisf.axisf/grf.rf/gntv_or_sync_fifo.gl0.rd/r
pntr/gc0.count<2>" is loadless and has been removed.
                             Loadless block
"U0/xst_fifo_generator/gaxis_fifo.gaxisf.axisf/grf.rf/gntv_or_sync_fifo.gl0.rd/r
pntr/gc0.count_2" (FF) removed.
                              The signal
"U0/xst_fifo_generator/gaxis_fifo.gaxisf.axisf/grf.rf/gntv_or_sync_fifo.gl0.rd/r
pntr/gc0.count[9]_GND_262_o_add_0_OUT<2>" is loadless and has been removed.
                               Loadless block
"U0/xst_fifo_generator/gaxis_fifo.gaxisf.axisf/grf.rf/gntv_or_sync_fifo.gl0.rd/r
pntr/Madd_gc0.count[9]_GND_262_o_add_0_OUT_xor<2>11" (ROM) removed.
                      The signal
"U0/xst_fifo_generator/gaxis_fifo.gaxisf.axisf/grf.rf/gntv_or_sync_fifo.gl0.wr/w
pntr/gcc0.gc0.count_d1<3>" is loadless and has been removed.
                       Loadless block
"U0/xst_fifo_generator/gaxis_fifo.gaxisf.axisf/grf.rf/gntv_or_sync_fifo.gl0.wr/w
pntr/gcc0.gc0.count_d1_3" (FF) removed.
                        The signal
"U0/xst_fifo_generator/gaxis_fifo.gaxisf.axisf/grf.rf/gntv_or_sync_fifo.gl0.wr/w
pntr/gcc0.gc0.count<3>" is loadless and has been removed.
                         Loadless block
"U0/xst_fifo_generator/gaxis_fifo.gaxisf.axisf/grf.rf/gntv_or_sync_fifo.gl0.wr/w
pntr/gcc0.gc0.count_3" (FF) removed.
                          The signal
"U0/xst_fifo_generator/gaxis_fifo.gaxisf.axisf/grf.rf/gntv_or_sync_fifo.gl0.wr/w
pntr/gcc0.gc0.count[9]_GND_275_o_add_0_OUT<3>" is loadless and has been removed.
                           Loadless block
"U0/xst_fifo_generator/gaxis_fifo.gaxisf.axisf/grf.rf/gntv_or_sync_fifo.gl0.wr/w
pntr/Madd_gcc0.gc0.count[9]_GND_275_o_add_0_OUT_xor<3>11" (ROM) removed.
                            The signal
"U0/xst_fifo_generator/gaxis_fifo.gaxisf.axisf/grf.rf/gntv_or_sync_fifo.gl0.wr/w
pntr/gcc0.gc0.count<2>" is loadless and has been removed.
                             Loadless block
"U0/xst_fifo_generator/gaxis_fifo.gaxisf.axisf/grf.rf/gntv_or_sync_fifo.gl0.wr/w
pntr/gcc0.gc0.count_2" (FF) removed.
                              The signal
"U0/xst_fifo_generator/gaxis_fifo.gaxisf.axisf/grf.rf/gntv_or_sync_fifo.gl0.wr/w
pntr/gcc0.gc0.count[9]_GND_275_o_add_0_OUT<2>" is loadless and has been removed.
                               Loadless block
"U0/xst_fifo_generator/gaxis_fifo.gaxisf.axisf/grf.rf/gntv_or_sync_fifo.gl0.wr/w
pntr/Madd_gcc0.gc0.count[9]_GND_275_o_add_0_OUT_xor<2>11" (ROM) removed.
                      The signal
"U0/xst_fifo_generator/gaxis_fifo.gaxisf.axisf/grf.rf/gntv_or_sync_fifo.gl0.rd/r
pntr/gc0.count_d1<2>" is loadless and has been removed.
                       Loadless block
"U0/xst_fifo_generator/gaxis_fifo.gaxisf.axisf/grf.rf/gntv_or_sync_fifo.gl0.rd/r
pntr/gc0.count_d1_2" (FF) removed.
                      The signal
"U0/xst_fifo_generator/gaxis_fifo.gaxisf.axisf/grf.rf/gntv_or_sync_fifo.gl0.wr/w
pntr/gcc0.gc0.count_d1<2>" is loadless and has been removed.
                       Loadless block
"U0/xst_fifo_generator/gaxis_fifo.gaxisf.axisf/grf.rf/gntv_or_sync_fifo.gl0.wr/w
pntr/gcc0.gc0.count_d1_2" (FF) removed.
                  The signal
"U0/xst_fifo_generator/gaxis_fifo.gaxisf.axisf/grf.rf/gntv_or_sync_fifo.gl0.rd/g
rss.rsts/c1/v1<2>" is loadless and has been removed.
                   Loadless block
"U0/xst_fifo_generator/gaxis_fifo.gaxisf.axisf/grf.rf/gntv_or_sync_fifo.gl0.rd/g
rss.rsts/c1/v1<2>1" (ROM) removed.
                    The signal
"U0/xst_fifo_generator/gaxis_fifo.gaxisf.axisf/grf.rf/gntv_or_sync_fifo.gl0.rd/r
pntr/gc0.count_d1<5>" is loadless and has been removed.
                     Loadless block
"U0/xst_fifo_generator/gaxis_fifo.gaxisf.axisf/grf.rf/gntv_or_sync_fifo.gl0.rd/r
pntr/gc0.count_d1_5" (FF) removed.
                      The signal
"U0/xst_fifo_generator/gaxis_fifo.gaxisf.axisf/grf.rf/gntv_or_sync_fifo.gl0.rd/r
pntr/gc0.count<5>" is loadless and has been removed.
                       Loadless block
"U0/xst_fifo_generator/gaxis_fifo.gaxisf.axisf/grf.rf/gntv_or_sync_fifo.gl0.rd/r
pntr/gc0.count_5" (FF) removed.
                        The signal
"U0/xst_fifo_generator/gaxis_fifo.gaxisf.axisf/grf.rf/gntv_or_sync_fifo.gl0.rd/r
pntr/gc0.count[9]_GND_262_o_add_0_OUT<5>" is loadless and has been removed.
                         Loadless block
"U0/xst_fifo_generator/gaxis_fifo.gaxisf.axisf/grf.rf/gntv_or_sync_fifo.gl0.rd/r
pntr/Madd_gc0.count[9]_GND_262_o_add_0_OUT_xor<5>11" (ROM) removed.
                          The signal
"U0/xst_fifo_generator/gaxis_fifo.gaxisf.axisf/grf.rf/gntv_or_sync_fifo.gl0.rd/r
pntr/gc0.count<4>" is loadless and has been removed.
                           Loadless block
"U0/xst_fifo_generator/gaxis_fifo.gaxisf.axisf/grf.rf/gntv_or_sync_fifo.gl0.rd/r
pntr/gc0.count_4" (FF) removed.
                            The signal
"U0/xst_fifo_generator/gaxis_fifo.gaxisf.axisf/grf.rf/gntv_or_sync_fifo.gl0.rd/r
pntr/gc0.count[9]_GND_262_o_add_0_OUT<4>" is loadless and has been removed.
                             Loadless block
"U0/xst_fifo_generator/gaxis_fifo.gaxisf.axisf/grf.rf/gntv_or_sync_fifo.gl0.rd/r
pntr/Madd_gc0.count[9]_GND_262_o_add_0_OUT_xor<4>11" (ROM) removed.
                    The signal
"U0/xst_fifo_generator/gaxis_fifo.gaxisf.axisf/grf.rf/gntv_or_sync_fifo.gl0.wr/w
pntr/gcc0.gc0.count_d1<5>" is loadless and has been removed.
                     Loadless block
"U0/xst_fifo_generator/gaxis_fifo.gaxisf.axisf/grf.rf/gntv_or_sync_fifo.gl0.wr/w
pntr/gcc0.gc0.count_d1_5" (FF) removed.
                      The signal
"U0/xst_fifo_generator/gaxis_fifo.gaxisf.axisf/grf.rf/gntv_or_sync_fifo.gl0.wr/w
pntr/gcc0.gc0.count<5>" is loadless and has been removed.
                       Loadless block
"U0/xst_fifo_generator/gaxis_fifo.gaxisf.axisf/grf.rf/gntv_or_sync_fifo.gl0.wr/w
pntr/gcc0.gc0.count_5" (FF) removed.
                        The signal
"U0/xst_fifo_generator/gaxis_fifo.gaxisf.axisf/grf.rf/gntv_or_sync_fifo.gl0.wr/w
pntr/gcc0.gc0.count[9]_GND_275_o_add_0_OUT<5>" is loadless and has been removed.
                         Loadless block
"U0/xst_fifo_generator/gaxis_fifo.gaxisf.axisf/grf.rf/gntv_or_sync_fifo.gl0.wr/w
pntr/Madd_gcc0.gc0.count[9]_GND_275_o_add_0_OUT_xor<5>11" (ROM) removed.
                          The signal
"U0/xst_fifo_generator/gaxis_fifo.gaxisf.axisf/grf.rf/gntv_or_sync_fifo.gl0.wr/w
pntr/gcc0.gc0.count<4>" is loadless and has been removed.
                           Loadless block
"U0/xst_fifo_generator/gaxis_fifo.gaxisf.axisf/grf.rf/gntv_or_sync_fifo.gl0.wr/w
pntr/gcc0.gc0.count_4" (FF) removed.
                            The signal
"U0/xst_fifo_generator/gaxis_fifo.gaxisf.axisf/grf.rf/gntv_or_sync_fifo.gl0.wr/w
pntr/gcc0.gc0.count[9]_GND_275_o_add_0_OUT<4>" is loadless and has been removed.
                             Loadless block
"U0/xst_fifo_generator/gaxis_fifo.gaxisf.axisf/grf.rf/gntv_or_sync_fifo.gl0.wr/w
pntr/Madd_gcc0.gc0.count[9]_GND_275_o_add_0_OUT_xor<4>11" (ROM) removed.
                    The signal
"U0/xst_fifo_generator/gaxis_fifo.gaxisf.axisf/grf.rf/gntv_or_sync_fifo.gl0.rd/r
pntr/gc0.count_d1<4>" is loadless and has been removed.
                     Loadless block
"U0/xst_fifo_generator/gaxis_fifo.gaxisf.axisf/grf.rf/gntv_or_sync_fifo.gl0.rd/r
pntr/gc0.count_d1_4" (FF) removed.
                    The signal
"U0/xst_fifo_generator/gaxis_fifo.gaxisf.axisf/grf.rf/gntv_or_sync_fifo.gl0.wr/w
pntr/gcc0.gc0.count_d1<4>" is loadless and has been removed.
                     Loadless block
"U0/xst_fifo_generator/gaxis_fifo.gaxisf.axisf/grf.rf/gntv_or_sync_fifo.gl0.wr/w
pntr/gcc0.gc0.count_d1_4" (FF) removed.
                The signal
"U0/xst_fifo_generator/gaxis_fifo.gaxisf.axisf/grf.rf/gntv_or_sync_fifo.gl0.rd/g
rss.rsts/c1/v1<3>" is loadless and has been removed.
                 Loadless block
"U0/xst_fifo_generator/gaxis_fifo.gaxisf.axisf/grf.rf/gntv_or_sync_fifo.gl0.rd/g
rss.rsts/c1/v1<3>1" (ROM) removed.
                  The signal
"U0/xst_fifo_generator/gaxis_fifo.gaxisf.axisf/grf.rf/gntv_or_sync_fifo.gl0.rd/r
pntr/gc0.count_d1<7>" is loadless and has been removed.
                   Loadless block
"U0/xst_fifo_generator/gaxis_fifo.gaxisf.axisf/grf.rf/gntv_or_sync_fifo.gl0.rd/r
pntr/gc0.count_d1_7" (FF) removed.
                    The signal
"U0/xst_fifo_generator/gaxis_fifo.gaxisf.axisf/grf.rf/gntv_or_sync_fifo.gl0.rd/r
pntr/gc0.count<7>" is loadless and has been removed.
                     Loadless block
"U0/xst_fifo_generator/gaxis_fifo.gaxisf.axisf/grf.rf/gntv_or_sync_fifo.gl0.rd/r
pntr/gc0.count_7" (FF) removed.
                      The signal
"U0/xst_fifo_generator/gaxis_fifo.gaxisf.axisf/grf.rf/gntv_or_sync_fifo.gl0.rd/r
pntr/gc0.count[9]_GND_262_o_add_0_OUT<7>" is loadless and has been removed.
                       Loadless block
"U0/xst_fifo_generator/gaxis_fifo.gaxisf.axisf/grf.rf/gntv_or_sync_fifo.gl0.rd/r
pntr/Madd_gc0.count[9]_GND_262_o_add_0_OUT_xor<7>11" (ROM) removed.
                        The signal
"U0/xst_fifo_generator/gaxis_fifo.gaxisf.axisf/grf.rf/gntv_or_sync_fifo.gl0.rd/r
pntr/gc0.count<6>" is loadless and has been removed.
                         Loadless block
"U0/xst_fifo_generator/gaxis_fifo.gaxisf.axisf/grf.rf/gntv_or_sync_fifo.gl0.rd/r
pntr/gc0.count_6" (FF) removed.
                          The signal
"U0/xst_fifo_generator/gaxis_fifo.gaxisf.axisf/grf.rf/gntv_or_sync_fifo.gl0.rd/r
pntr/gc0.count[9]_GND_262_o_add_0_OUT<6>" is loadless and has been removed.
                           Loadless block
"U0/xst_fifo_generator/gaxis_fifo.gaxisf.axisf/grf.rf/gntv_or_sync_fifo.gl0.rd/r
pntr/Madd_gc0.count[9]_GND_262_o_add_0_OUT_xor<6>11" (ROM) removed.
                            The signal
"U0/xst_fifo_generator/gaxis_fifo.gaxisf.axisf/grf.rf/gntv_or_sync_fifo.gl0.rd/r
pntr/Madd_gc0.count[9]_GND_262_o_add_0_OUT_xor<6>11" is loadless and has been
removed.
                             Loadless block
"U0/xst_fifo_generator/gaxis_fifo.gaxisf.axisf/grf.rf/gntv_or_sync_fifo.gl0.rd/r
pntr/Madd_gc0.count[9]_GND_262_o_add_0_OUT_xor<6>111" (ROM) removed.
                  The signal
"U0/xst_fifo_generator/gaxis_fifo.gaxisf.axisf/grf.rf/gntv_or_sync_fifo.gl0.wr/w
pntr/gcc0.gc0.count_d1<7>" is loadless and has been removed.
                   Loadless block
"U0/xst_fifo_generator/gaxis_fifo.gaxisf.axisf/grf.rf/gntv_or_sync_fifo.gl0.wr/w
pntr/gcc0.gc0.count_d1_7" (FF) removed.
                    The signal
"U0/xst_fifo_generator/gaxis_fifo.gaxisf.axisf/grf.rf/gntv_or_sync_fifo.gl0.wr/w
pntr/gcc0.gc0.count<7>" is loadless and has been removed.
                     Loadless block
"U0/xst_fifo_generator/gaxis_fifo.gaxisf.axisf/grf.rf/gntv_or_sync_fifo.gl0.wr/w
pntr/gcc0.gc0.count_7" (FF) removed.
                      The signal
"U0/xst_fifo_generator/gaxis_fifo.gaxisf.axisf/grf.rf/gntv_or_sync_fifo.gl0.wr/w
pntr/gcc0.gc0.count[9]_GND_275_o_add_0_OUT<7>" is loadless and has been removed.
                       Loadless block
"U0/xst_fifo_generator/gaxis_fifo.gaxisf.axisf/grf.rf/gntv_or_sync_fifo.gl0.wr/w
pntr/Madd_gcc0.gc0.count[9]_GND_275_o_add_0_OUT_xor<7>11" (ROM) removed.
                        The signal
"U0/xst_fifo_generator/gaxis_fifo.gaxisf.axisf/grf.rf/gntv_or_sync_fifo.gl0.wr/w
pntr/gcc0.gc0.count<6>" is loadless and has been removed.
                         Loadless block
"U0/xst_fifo_generator/gaxis_fifo.gaxisf.axisf/grf.rf/gntv_or_sync_fifo.gl0.wr/w
pntr/gcc0.gc0.count_6" (FF) removed.
                          The signal
"U0/xst_fifo_generator/gaxis_fifo.gaxisf.axisf/grf.rf/gntv_or_sync_fifo.gl0.wr/w
pntr/gcc0.gc0.count[9]_GND_275_o_add_0_OUT<6>" is loadless and has been removed.
                           Loadless block
"U0/xst_fifo_generator/gaxis_fifo.gaxisf.axisf/grf.rf/gntv_or_sync_fifo.gl0.wr/w
pntr/Madd_gcc0.gc0.count[9]_GND_275_o_add_0_OUT_xor<6>11" (ROM) removed.
                            The signal
"U0/xst_fifo_generator/gaxis_fifo.gaxisf.axisf/grf.rf/gntv_or_sync_fifo.gl0.wr/w
pntr/Madd_gcc0.gc0.count[9]_GND_275_o_add_0_OUT_xor<6>11" is loadless and has
been removed.
                             Loadless block
"U0/xst_fifo_generator/gaxis_fifo.gaxisf.axisf/grf.rf/gntv_or_sync_fifo.gl0.wr/w
pntr/Madd_gcc0.gc0.count[9]_GND_275_o_add_0_OUT_xor<6>111" (ROM) removed.
                  The signal
"U0/xst_fifo_generator/gaxis_fifo.gaxisf.axisf/grf.rf/gntv_or_sync_fifo.gl0.rd/r
pntr/gc0.count_d1<6>" is loadless and has been removed.
                   Loadless block
"U0/xst_fifo_generator/gaxis_fifo.gaxisf.axisf/grf.rf/gntv_or_sync_fifo.gl0.rd/r
pntr/gc0.count_d1_6" (FF) removed.
                  The signal
"U0/xst_fifo_generator/gaxis_fifo.gaxisf.axisf/grf.rf/gntv_or_sync_fifo.gl0.wr/w
pntr/gcc0.gc0.count_d1<6>" is loadless and has been removed.
                   Loadless block
"U0/xst_fifo_generator/gaxis_fifo.gaxisf.axisf/grf.rf/gntv_or_sync_fifo.gl0.wr/w
pntr/gcc0.gc0.count_d1_6" (FF) removed.
              The signal
"U0/xst_fifo_generator/gaxis_fifo.gaxisf.axisf/grf.rf/gntv_or_sync_fifo.gl0.rd/g
rss.rsts/c1/v1<4>" is loadless and has been removed.
               Loadless block
"U0/xst_fifo_generator/gaxis_fifo.gaxisf.axisf/grf.rf/gntv_or_sync_fifo.gl0.rd/g
rss.rsts/c1/v1<4>1" (ROM) removed.
                The signal
"U0/xst_fifo_generator/gaxis_fifo.gaxisf.axisf/grf.rf/gntv_or_sync_fifo.gl0.rd/r
pntr/gc0.count_d1<9>" is loadless and has been removed.
                 Loadless block
"U0/xst_fifo_generator/gaxis_fifo.gaxisf.axisf/grf.rf/gntv_or_sync_fifo.gl0.rd/r
pntr/gc0.count_d1_9" (FF) removed.
                  The signal
"U0/xst_fifo_generator/gaxis_fifo.gaxisf.axisf/grf.rf/gntv_or_sync_fifo.gl0.rd/r
pntr/gc0.count<9>" is loadless and has been removed.
                   Loadless block
"U0/xst_fifo_generator/gaxis_fifo.gaxisf.axisf/grf.rf/gntv_or_sync_fifo.gl0.rd/r
pntr/gc0.count_9" (FF) removed.
                    The signal
"U0/xst_fifo_generator/gaxis_fifo.gaxisf.axisf/grf.rf/gntv_or_sync_fifo.gl0.rd/r
pntr/gc0.count[9]_GND_262_o_add_0_OUT<9>" is loadless and has been removed.
                     Loadless block
"U0/xst_fifo_generator/gaxis_fifo.gaxisf.axisf/grf.rf/gntv_or_sync_fifo.gl0.rd/r
pntr/Madd_gc0.count[9]_GND_262_o_add_0_OUT_xor<9>11" (ROM) removed.
                      The signal
"U0/xst_fifo_generator/gaxis_fifo.gaxisf.axisf/grf.rf/gntv_or_sync_fifo.gl0.rd/r
pntr/gc0.count<8>" is loadless and has been removed.
                       Loadless block
"U0/xst_fifo_generator/gaxis_fifo.gaxisf.axisf/grf.rf/gntv_or_sync_fifo.gl0.rd/r
pntr/gc0.count_8" (FF) removed.
                        The signal
"U0/xst_fifo_generator/gaxis_fifo.gaxisf.axisf/grf.rf/gntv_or_sync_fifo.gl0.rd/r
pntr/gc0.count[9]_GND_262_o_add_0_OUT<8>" is loadless and has been removed.
                         Loadless block
"U0/xst_fifo_generator/gaxis_fifo.gaxisf.axisf/grf.rf/gntv_or_sync_fifo.gl0.rd/r
pntr/Madd_gc0.count[9]_GND_262_o_add_0_OUT_xor<8>11" (ROM) removed.
                The signal
"U0/xst_fifo_generator/gaxis_fifo.gaxisf.axisf/grf.rf/gntv_or_sync_fifo.gl0.wr/w
pntr/gcc0.gc0.count_d1<9>" is loadless and has been removed.
                 Loadless block
"U0/xst_fifo_generator/gaxis_fifo.gaxisf.axisf/grf.rf/gntv_or_sync_fifo.gl0.wr/w
pntr/gcc0.gc0.count_d1_9" (FF) removed.
                  The signal
"U0/xst_fifo_generator/gaxis_fifo.gaxisf.axisf/grf.rf/gntv_or_sync_fifo.gl0.wr/w
pntr/gcc0.gc0.count<9>" is loadless and has been removed.
                   Loadless block
"U0/xst_fifo_generator/gaxis_fifo.gaxisf.axisf/grf.rf/gntv_or_sync_fifo.gl0.wr/w
pntr/gcc0.gc0.count_9" (FF) removed.
                    The signal
"U0/xst_fifo_generator/gaxis_fifo.gaxisf.axisf/grf.rf/gntv_or_sync_fifo.gl0.wr/w
pntr/gcc0.gc0.count[9]_GND_275_o_add_0_OUT<9>" is loadless and has been removed.
                     Loadless block
"U0/xst_fifo_generator/gaxis_fifo.gaxisf.axisf/grf.rf/gntv_or_sync_fifo.gl0.wr/w
pntr/Madd_gcc0.gc0.count[9]_GND_275_o_add_0_OUT_xor<9>11" (ROM) removed.
                      The signal
"U0/xst_fifo_generator/gaxis_fifo.gaxisf.axisf/grf.rf/gntv_or_sync_fifo.gl0.wr/w
pntr/gcc0.gc0.count<8>" is loadless and has been removed.
                       Loadless block
"U0/xst_fifo_generator/gaxis_fifo.gaxisf.axisf/grf.rf/gntv_or_sync_fifo.gl0.wr/w
pntr/gcc0.gc0.count_8" (FF) removed.
                        The signal
"U0/xst_fifo_generator/gaxis_fifo.gaxisf.axisf/grf.rf/gntv_or_sync_fifo.gl0.wr/w
pntr/gcc0.gc0.count[9]_GND_275_o_add_0_OUT<8>" is loadless and has been removed.
                         Loadless block
"U0/xst_fifo_generator/gaxis_fifo.gaxisf.axisf/grf.rf/gntv_or_sync_fifo.gl0.wr/w
pntr/Madd_gcc0.gc0.count[9]_GND_275_o_add_0_OUT_xor<8>11" (ROM) removed.
                The signal
"U0/xst_fifo_generator/gaxis_fifo.gaxisf.axisf/grf.rf/gntv_or_sync_fifo.gl0.rd/r
pntr/gc0.count_d1<8>" is loadless and has been removed.
                 Loadless block
"U0/xst_fifo_generator/gaxis_fifo.gaxisf.axisf/grf.rf/gntv_or_sync_fifo.gl0.rd/r
pntr/gc0.count_d1_8" (FF) removed.
                The signal
"U0/xst_fifo_generator/gaxis_fifo.gaxisf.axisf/grf.rf/gntv_or_sync_fifo.gl0.wr/w
pntr/gcc0.gc0.count_d1<8>" is loadless and has been removed.
                 Loadless block
"U0/xst_fifo_generator/gaxis_fifo.gaxisf.axisf/grf.rf/gntv_or_sync_fifo.gl0.wr/w
pntr/gcc0.gc0.count_d1_8" (FF) removed.
            The signal
"U0/xst_fifo_generator/gaxis_fifo.gaxisf.axisf/grf.rf/gntv_or_sync_fifo.gl0.rd/g
rss.rsts/comp1" is loadless and has been removed.
             Loadless block
"U0/xst_fifo_generator/gaxis_fifo.gaxisf.axisf/grf.rf/gntv_or_sync_fifo.gl0.rd/g
rss.rsts/c2/gmux.gm[4].gms.ms" (MUX) removed.
              The signal
"U0/xst_fifo_generator/gaxis_fifo.gaxisf.axisf/grf.rf/gntv_or_sync_fifo.gl0.rd/g
rss.rsts/c2/gmux.carrynet<3>" is loadless and has been removed.
               Loadless block
"U0/xst_fifo_generator/gaxis_fifo.gaxisf.axisf/grf.rf/gntv_or_sync_fifo.gl0.rd/g
rss.rsts/c2/gmux.gm[3].gms.ms" (MUX) removed.
                The signal
"U0/xst_fifo_generator/gaxis_fifo.gaxisf.axisf/grf.rf/gntv_or_sync_fifo.gl0.rd/g
rss.rsts/c2/gmux.carrynet<2>" is loadless and has been removed.
                 Loadless block
"U0/xst_fifo_generator/gaxis_fifo.gaxisf.axisf/grf.rf/gntv_or_sync_fifo.gl0.rd/g
rss.rsts/c2/gmux.gm[2].gms.ms" (MUX) removed.
                  The signal
"U0/xst_fifo_generator/gaxis_fifo.gaxisf.axisf/grf.rf/gntv_or_sync_fifo.gl0.rd/g
rss.rsts/c2/gmux.carrynet<1>" is loadless and has been removed.
                   Loadless block
"U0/xst_fifo_generator/gaxis_fifo.gaxisf.axisf/grf.rf/gntv_or_sync_fifo.gl0.rd/g
rss.rsts/c2/gmux.gm[1].gms.ms" (MUX) removed.
                    The signal
"U0/xst_fifo_generator/gaxis_fifo.gaxisf.axisf/grf.rf/gntv_or_sync_fifo.gl0.rd/g
rss.rsts/c2/gmux.carrynet<0>" is loadless and has been removed.
                     Loadless block
"U0/xst_fifo_generator/gaxis_fifo.gaxisf.axisf/grf.rf/gntv_or_sync_fifo.gl0.rd/g
rss.rsts/c2/gmux.gm[0].gm1.m1" (MUX) removed.
                      The signal
"U0/xst_fifo_generator/gaxis_fifo.gaxisf.axisf/grf.rf/gntv_or_sync_fifo.gl0.rd/g
rss.rsts/c2/v1<0>" is loadless and has been removed.
                       Loadless block
"U0/xst_fifo_generator/gaxis_fifo.gaxisf.axisf/grf.rf/gntv_or_sync_fifo.gl0.rd/g
rss.rsts/c2/v1<0>1" (ROM) removed.
                    The signal
"U0/xst_fifo_generator/gaxis_fifo.gaxisf.axisf/grf.rf/gntv_or_sync_fifo.gl0.rd/g
rss.rsts/c2/v1<1>" is loadless and has been removed.
                     Loadless block
"U0/xst_fifo_generator/gaxis_fifo.gaxisf.axisf/grf.rf/gntv_or_sync_fifo.gl0.rd/g
rss.rsts/c2/v1<1>1" (ROM) removed.
                  The signal
"U0/xst_fifo_generator/gaxis_fifo.gaxisf.axisf/grf.rf/gntv_or_sync_fifo.gl0.rd/g
rss.rsts/c2/v1<2>" is loadless and has been removed.
                   Loadless block
"U0/xst_fifo_generator/gaxis_fifo.gaxisf.axisf/grf.rf/gntv_or_sync_fifo.gl0.rd/g
rss.rsts/c2/v1<2>1" (ROM) removed.
                The signal
"U0/xst_fifo_generator/gaxis_fifo.gaxisf.axisf/grf.rf/gntv_or_sync_fifo.gl0.rd/g
rss.rsts/c2/v1<3>" is loadless and has been removed.
                 Loadless block
"U0/xst_fifo_generator/gaxis_fifo.gaxisf.axisf/grf.rf/gntv_or_sync_fifo.gl0.rd/g
rss.rsts/c2/v1<3>1" (ROM) removed.
              The signal
"U0/xst_fifo_generator/gaxis_fifo.gaxisf.axisf/grf.rf/gntv_or_sync_fifo.gl0.rd/g
rss.rsts/c2/v1<4>" is loadless and has been removed.
               Loadless block
"U0/xst_fifo_generator/gaxis_fifo.gaxisf.axisf/grf.rf/gntv_or_sync_fifo.gl0.rd/g
rss.rsts/c2/v1<4>1" (ROM) removed.
        The signal
"U0/xst_fifo_generator/gaxis_fifo.gaxisf.axisf/grf.rf/gntv_or_sync_fifo.gl0.rd/g
r1.rfwft/curr_fwft_state_FSM_FFd1" is loadless and has been removed.
         Loadless block
"U0/xst_fifo_generator/gaxis_fifo.gaxisf.axisf/grf.rf/gntv_or_sync_fifo.gl0.rd/g
r1.rfwft/curr_fwft_state_FSM_FFd1" (FF) removed.
          The signal
"U0/xst_fifo_generator/gaxis_fifo.gaxisf.axisf/grf.rf/gntv_or_sync_fifo.gl0.rd/g
r1.rfwft/curr_fwft_state_FSM_FFd1-In" is loadless and has been removed.
           Loadless block
"U0/xst_fifo_generator/gaxis_fifo.gaxisf.axisf/grf.rf/gntv_or_sync_fifo.gl0.rd/g
r1.rfwft/curr_fwft_state_FSM_FFd1-In1" (ROM) removed.
            The signal
"U0/xst_fifo_generator/gaxis_fifo.gaxisf.axisf/grf.rf/gntv_or_sync_fifo.gl0.rd/g
r1.rfwft/curr_fwft_state_FSM_FFd2" is loadless and has been removed.
             Loadless block
"U0/xst_fifo_generator/gaxis_fifo.gaxisf.axisf/grf.rf/gntv_or_sync_fifo.gl0.rd/g
r1.rfwft/curr_fwft_state_FSM_FFd2" (FF) removed.
              The signal
"U0/xst_fifo_generator/gaxis_fifo.gaxisf.axisf/grf.rf/gntv_or_sync_fifo.gl0.rd/g
r1.rfwft/next_fwft_state<0>" is loadless and has been removed.
               Loadless block
"U0/xst_fifo_generator/gaxis_fifo.gaxisf.axisf/grf.rf/gntv_or_sync_fifo.gl0.rd/g
r1.rfwft/curr_fwft_state_FSM_FFd2-In1" (ROM) removed.
      The signal
"U0/xst_fifo_generator/gaxis_fifo.gaxisf.axisf/grf.rf/gntv_or_sync_fifo.gl0.wr/g
wss.wsts/comp0" is loadless and has been removed.
       Loadless block
"U0/xst_fifo_generator/gaxis_fifo.gaxisf.axisf/grf.rf/gntv_or_sync_fifo.gl0.wr/g
wss.wsts/c0/gmux.gm[4].gms.ms" (MUX) removed.
        The signal
"U0/xst_fifo_generator/gaxis_fifo.gaxisf.axisf/grf.rf/gntv_or_sync_fifo.gl0.wr/g
wss.wsts/c0/gmux.carrynet<3>" is loadless and has been removed.
         Loadless block
"U0/xst_fifo_generator/gaxis_fifo.gaxisf.axisf/grf.rf/gntv_or_sync_fifo.gl0.wr/g
wss.wsts/c0/gmux.gm[3].gms.ms" (MUX) removed.
          The signal
"U0/xst_fifo_generator/gaxis_fifo.gaxisf.axisf/grf.rf/gntv_or_sync_fifo.gl0.wr/g
wss.wsts/c0/gmux.carrynet<2>" is loadless and has been removed.
           Loadless block
"U0/xst_fifo_generator/gaxis_fifo.gaxisf.axisf/grf.rf/gntv_or_sync_fifo.gl0.wr/g
wss.wsts/c0/gmux.gm[2].gms.ms" (MUX) removed.
            The signal
"U0/xst_fifo_generator/gaxis_fifo.gaxisf.axisf/grf.rf/gntv_or_sync_fifo.gl0.wr/g
wss.wsts/c0/gmux.carrynet<1>" is loadless and has been removed.
             Loadless block
"U0/xst_fifo_generator/gaxis_fifo.gaxisf.axisf/grf.rf/gntv_or_sync_fifo.gl0.wr/g
wss.wsts/c0/gmux.gm[1].gms.ms" (MUX) removed.
              The signal
"U0/xst_fifo_generator/gaxis_fifo.gaxisf.axisf/grf.rf/gntv_or_sync_fifo.gl0.wr/g
wss.wsts/c0/gmux.carrynet<0>" is loadless and has been removed.
               Loadless block
"U0/xst_fifo_generator/gaxis_fifo.gaxisf.axisf/grf.rf/gntv_or_sync_fifo.gl0.wr/g
wss.wsts/c0/gmux.gm[0].gm1.m1" (MUX) removed.
                The signal
"U0/xst_fifo_generator/gaxis_fifo.gaxisf.axisf/grf.rf/gntv_or_sync_fifo.gl0.wr/g
wss.wsts/c0/v1<0>" is loadless and has been removed.
                 Loadless block
"U0/xst_fifo_generator/gaxis_fifo.gaxisf.axisf/grf.rf/gntv_or_sync_fifo.gl0.wr/g
wss.wsts/c0/v1<0>1" (ROM) removed.
              The signal
"U0/xst_fifo_generator/gaxis_fifo.gaxisf.axisf/grf.rf/gntv_or_sync_fifo.gl0.wr/g
wss.wsts/c0/v1<1>" is loadless and has been removed.
               Loadless block
"U0/xst_fifo_generator/gaxis_fifo.gaxisf.axisf/grf.rf/gntv_or_sync_fifo.gl0.wr/g
wss.wsts/c0/v1<1>1" (ROM) removed.
            The signal
"U0/xst_fifo_generator/gaxis_fifo.gaxisf.axisf/grf.rf/gntv_or_sync_fifo.gl0.wr/g
wss.wsts/c0/v1<2>" is loadless and has been removed.
             Loadless block
"U0/xst_fifo_generator/gaxis_fifo.gaxisf.axisf/grf.rf/gntv_or_sync_fifo.gl0.wr/g
wss.wsts/c0/v1<2>1" (ROM) removed.
          The signal
"U0/xst_fifo_generator/gaxis_fifo.gaxisf.axisf/grf.rf/gntv_or_sync_fifo.gl0.wr/g
wss.wsts/c0/v1<3>" is loadless and has been removed.
           Loadless block
"U0/xst_fifo_generator/gaxis_fifo.gaxisf.axisf/grf.rf/gntv_or_sync_fifo.gl0.wr/g
wss.wsts/c0/v1<3>1" (ROM) removed.
        The signal
"U0/xst_fifo_generator/gaxis_fifo.gaxisf.axisf/grf.rf/gntv_or_sync_fifo.gl0.wr/g
wss.wsts/c0/v1<4>" is loadless and has been removed.
         Loadless block
"U0/xst_fifo_generator/gaxis_fifo.gaxisf.axisf/grf.rf/gntv_or_sync_fifo.gl0.wr/g
wss.wsts/c0/v1<4>1" (ROM) removed.
      The signal
"U0/xst_fifo_generator/gaxis_fifo.gaxisf.axisf/grf.rf/gntv_or_sync_fifo.gl0.wr/g
wss.wsts/comp1" is loadless and has been removed.
       Loadless block
"U0/xst_fifo_generator/gaxis_fifo.gaxisf.axisf/grf.rf/gntv_or_sync_fifo.gl0.wr/g
wss.wsts/c1/gmux.gm[4].gms.ms" (MUX) removed.
        The signal
"U0/xst_fifo_generator/gaxis_fifo.gaxisf.axisf/grf.rf/gntv_or_sync_fifo.gl0.wr/g
wss.wsts/c1/gmux.carrynet<3>" is loadless and has been removed.
         Loadless block
"U0/xst_fifo_generator/gaxis_fifo.gaxisf.axisf/grf.rf/gntv_or_sync_fifo.gl0.wr/g
wss.wsts/c1/gmux.gm[3].gms.ms" (MUX) removed.
          The signal
"U0/xst_fifo_generator/gaxis_fifo.gaxisf.axisf/grf.rf/gntv_or_sync_fifo.gl0.wr/g
wss.wsts/c1/gmux.carrynet<2>" is loadless and has been removed.
           Loadless block
"U0/xst_fifo_generator/gaxis_fifo.gaxisf.axisf/grf.rf/gntv_or_sync_fifo.gl0.wr/g
wss.wsts/c1/gmux.gm[2].gms.ms" (MUX) removed.
            The signal
"U0/xst_fifo_generator/gaxis_fifo.gaxisf.axisf/grf.rf/gntv_or_sync_fifo.gl0.wr/g
wss.wsts/c1/gmux.carrynet<1>" is loadless and has been removed.
             Loadless block
"U0/xst_fifo_generator/gaxis_fifo.gaxisf.axisf/grf.rf/gntv_or_sync_fifo.gl0.wr/g
wss.wsts/c1/gmux.gm[1].gms.ms" (MUX) removed.
              The signal
"U0/xst_fifo_generator/gaxis_fifo.gaxisf.axisf/grf.rf/gntv_or_sync_fifo.gl0.wr/g
wss.wsts/c1/gmux.carrynet<0>" is loadless and has been removed.
               Loadless block
"U0/xst_fifo_generator/gaxis_fifo.gaxisf.axisf/grf.rf/gntv_or_sync_fifo.gl0.wr/g
wss.wsts/c1/gmux.gm[0].gm1.m1" (MUX) removed.
                The signal
"U0/xst_fifo_generator/gaxis_fifo.gaxisf.axisf/grf.rf/gntv_or_sync_fifo.gl0.wr/g
wss.wsts/c1/v1<0>" is loadless and has been removed.
                 Loadless block
"U0/xst_fifo_generator/gaxis_fifo.gaxisf.axisf/grf.rf/gntv_or_sync_fifo.gl0.wr/g
wss.wsts/c1/v1<0>1" (ROM) removed.
              The signal
"U0/xst_fifo_generator/gaxis_fifo.gaxisf.axisf/grf.rf/gntv_or_sync_fifo.gl0.wr/g
wss.wsts/c1/v1<1>" is loadless and has been removed.
               Loadless block
"U0/xst_fifo_generator/gaxis_fifo.gaxisf.axisf/grf.rf/gntv_or_sync_fifo.gl0.wr/g
wss.wsts/c1/v1<1>1" (ROM) removed.
            The signal
"U0/xst_fifo_generator/gaxis_fifo.gaxisf.axisf/grf.rf/gntv_or_sync_fifo.gl0.wr/g
wss.wsts/c1/v1<2>" is loadless and has been removed.
             Loadless block
"U0/xst_fifo_generator/gaxis_fifo.gaxisf.axisf/grf.rf/gntv_or_sync_fifo.gl0.wr/g
wss.wsts/c1/v1<2>1" (ROM) removed.
          The signal
"U0/xst_fifo_generator/gaxis_fifo.gaxisf.axisf/grf.rf/gntv_or_sync_fifo.gl0.wr/g
wss.wsts/c1/v1<3>" is loadless and has been removed.
           Loadless block
"U0/xst_fifo_generator/gaxis_fifo.gaxisf.axisf/grf.rf/gntv_or_sync_fifo.gl0.wr/g
wss.wsts/c1/v1<3>1" (ROM) removed.
        The signal
"U0/xst_fifo_generator/gaxis_fifo.gaxisf.axisf/grf.rf/gntv_or_sync_fifo.gl0.wr/g
wss.wsts/c1/v1<4>" is loadless and has been removed.
         Loadless block
"U0/xst_fifo_generator/gaxis_fifo.gaxisf.axisf/grf.rf/gntv_or_sync_fifo.gl0.wr/g
wss.wsts/c1/v1<4>1" (ROM) removed.
The signal "m_axis_tvalid" is loadless and has been removed.
 Loadless block "U0/xst_fifo_generator/gaxis_fifo.axis_m_axis_tvalid1_INV_0"
(BUF) removed.
  The signal
"U0/xst_fifo_generator/gaxis_fifo.gaxisf.axisf/grf.rf/gntv_or_sync_fifo.gl0.rd/g
r1.rfwft/empty_fwft_i" is loadless and has been removed.
   Loadless block
"U0/xst_fifo_generator/gaxis_fifo.gaxisf.axisf/grf.rf/gntv_or_sync_fifo.gl0.rd/g
r1.rfwft/empty_fwft_i" (FF) removed.
    The signal
"U0/xst_fifo_generator/gaxis_fifo.gaxisf.axisf/grf.rf/gntv_or_sync_fifo.gl0.rd/g
r1.rfwft/going_empty_fwft_leaving_empty_fwft_OR_8_o" is loadless and has been
removed.
     Loadless block
"U0/xst_fifo_generator/gaxis_fifo.gaxisf.axisf/grf.rf/gntv_or_sync_fifo.gl0.rd/g
r1.rfwft/going_empty_fwft_leaving_empty_fwft_OR_8_o1" (ROM) removed.
      The signal
"U0/xst_fifo_generator/gaxis_fifo.gaxisf.axisf/grf.rf/gntv_or_sync_fifo.gl0.rd/g
r1.rfwft/empty_fwft_fb" is loadless and has been removed.
       Loadless block
"U0/xst_fifo_generator/gaxis_fifo.gaxisf.axisf/grf.rf/gntv_or_sync_fifo.gl0.rd/g
r1.rfwft/empty_fwft_fb" (FF) removed.
The signal
"U0/xst_fifo_generator/gaxis_fifo.gaxisf.axisf/grf.rf/gntv_or_sync_fifo.mem/dout
_i<0>" is loadless and has been removed.
 Loadless block
"U0/xst_fifo_generator/gaxis_fifo.gaxisf.axisf/grf.rf/gntv_or_sync_fifo.mem/dout
_i_0" (FF) removed.
  The signal
"U0/xst_fifo_generator/gaxis_fifo.gaxisf.axisf/grf.rf/gntv_or_sync_fifo.mem/_n00
25_inv" is loadless and has been removed.
   Loadless block
"U0/xst_fifo_generator/gaxis_fifo.gaxisf.axisf/grf.rf/gntv_or_sync_fifo.mem/_n00
25_inv1" (ROM) removed.
    The signal
"U0/xst_fifo_generator/gaxis_fifo.gaxisf.axisf/grf.rf/rstblk/ngwrdrst.grst.rd_rs
t_reg<0>" is loadless and has been removed.
     Loadless block
"U0/xst_fifo_generator/gaxis_fifo.gaxisf.axisf/grf.rf/rstblk/ngwrdrst.grst.rd_rs
t_reg_0" (FF) removed.
  The signal
"U0/xst_fifo_generator/gaxis_fifo.gaxisf.axisf/grf.rf/gntv_or_sync_fifo.mem/gbm.
gbmg.gbmga.ngecc.bmg/gnativebmg.native_blk_mem_gen/doutb_i<0>" is loadless and
has been removed.
The signal
"U0/xst_fifo_generator/gaxis_fifo.gaxisf.axisf/grf.rf/gntv_or_sync_fifo.mem/dout
_i<1>" is loadless and has been removed.
 Loadless block
"U0/xst_fifo_generator/gaxis_fifo.gaxisf.axisf/grf.rf/gntv_or_sync_fifo.mem/dout
_i_1" (FF) removed.
  The signal
"U0/xst_fifo_generator/gaxis_fifo.gaxisf.axisf/grf.rf/gntv_or_sync_fifo.mem/gbm.
gbmg.gbmga.ngecc.bmg/gnativebmg.native_blk_mem_gen/doutb_i<1>" is loadless and
has been removed.
The signal
"U0/xst_fifo_generator/gaxis_fifo.gaxisf.axisf/grf.rf/gntv_or_sync_fifo.mem/dout
_i<2>" is loadless and has been removed.
 Loadless block
"U0/xst_fifo_generator/gaxis_fifo.gaxisf.axisf/grf.rf/gntv_or_sync_fifo.mem/dout
_i_2" (FF) removed.
  The signal
"U0/xst_fifo_generator/gaxis_fifo.gaxisf.axisf/grf.rf/gntv_or_sync_fifo.mem/gbm.
gbmg.gbmga.ngecc.bmg/gnativebmg.native_blk_mem_gen/doutb_i<2>" is loadless and
has been removed.
The signal
"U0/xst_fifo_generator/gaxis_fifo.gaxisf.axisf/grf.rf/gntv_or_sync_fifo.mem/dout
_i<3>" is loadless and has been removed.
 Loadless block
"U0/xst_fifo_generator/gaxis_fifo.gaxisf.axisf/grf.rf/gntv_or_sync_fifo.mem/dout
_i_3" (FF) removed.
  The signal
"U0/xst_fifo_generator/gaxis_fifo.gaxisf.axisf/grf.rf/gntv_or_sync_fifo.mem/gbm.
gbmg.gbmga.ngecc.bmg/gnativebmg.native_blk_mem_gen/doutb_i<3>" is loadless and
has been removed.
The signal
"U0/xst_fifo_generator/gaxis_fifo.gaxisf.axisf/grf.rf/gntv_or_sync_fifo.mem/dout
_i<4>" is loadless and has been removed.
 Loadless block
"U0/xst_fifo_generator/gaxis_fifo.gaxisf.axisf/grf.rf/gntv_or_sync_fifo.mem/dout
_i_4" (FF) removed.
  The signal
"U0/xst_fifo_generator/gaxis_fifo.gaxisf.axisf/grf.rf/gntv_or_sync_fifo.mem/gbm.
gbmg.gbmga.ngecc.bmg/gnativebmg.native_blk_mem_gen/doutb_i<4>" is loadless and
has been removed.
The signal
"U0/xst_fifo_generator/gaxis_fifo.gaxisf.axisf/grf.rf/gntv_or_sync_fifo.mem/dout
_i<5>" is loadless and has been removed.
 Loadless block
"U0/xst_fifo_generator/gaxis_fifo.gaxisf.axisf/grf.rf/gntv_or_sync_fifo.mem/dout
_i_5" (FF) removed.
  The signal
"U0/xst_fifo_generator/gaxis_fifo.gaxisf.axisf/grf.rf/gntv_or_sync_fifo.mem/gbm.
gbmg.gbmga.ngecc.bmg/gnativebmg.native_blk_mem_gen/doutb_i<5>" is loadless and
has been removed.
The signal
"U0/xst_fifo_generator/gaxis_fifo.gaxisf.axisf/grf.rf/gntv_or_sync_fifo.mem/dout
_i<6>" is loadless and has been removed.
 Loadless block
"U0/xst_fifo_generator/gaxis_fifo.gaxisf.axisf/grf.rf/gntv_or_sync_fifo.mem/dout
_i_6" (FF) removed.
  The signal
"U0/xst_fifo_generator/gaxis_fifo.gaxisf.axisf/grf.rf/gntv_or_sync_fifo.mem/gbm.
gbmg.gbmga.ngecc.bmg/gnativebmg.native_blk_mem_gen/doutb_i<6>" is loadless and
has been removed.
The signal
"U0/xst_fifo_generator/gaxis_fifo.gaxisf.axisf/grf.rf/gntv_or_sync_fifo.mem/dout
_i<7>" is loadless and has been removed.
 Loadless block
"U0/xst_fifo_generator/gaxis_fifo.gaxisf.axisf/grf.rf/gntv_or_sync_fifo.mem/dout
_i_7" (FF) removed.
  The signal
"U0/xst_fifo_generator/gaxis_fifo.gaxisf.axisf/grf.rf/gntv_or_sync_fifo.mem/gbm.
gbmg.gbmga.ngecc.bmg/gnativebmg.native_blk_mem_gen/doutb_i<7>" is loadless and
has been removed.
The signal
"U0/xst_fifo_generator/gaxis_fifo.gaxisf.axisf/grf.rf/gntv_or_sync_fifo.mem/dout
_i<8>" is loadless and has been removed.
 Loadless block
"U0/xst_fifo_generator/gaxis_fifo.gaxisf.axisf/grf.rf/gntv_or_sync_fifo.mem/dout
_i_8" (FF) removed.
  The signal
"U0/xst_fifo_generator/gaxis_fifo.gaxisf.axisf/grf.rf/gntv_or_sync_fifo.mem/gbm.
gbmg.gbmga.ngecc.bmg/gnativebmg.native_blk_mem_gen/doutb_i<8>" is loadless and
has been removed.
The signal
"U0/xst_fifo_generator/gaxis_fifo.gaxisf.axisf/grf.rf/gntv_or_sync_fifo.mem/dout
_i<9>" is loadless and has been removed.
 Loadless block
"U0/xst_fifo_generator/gaxis_fifo.gaxisf.axisf/grf.rf/gntv_or_sync_fifo.mem/dout
_i_9" (FF) removed.
  The signal
"U0/xst_fifo_generator/gaxis_fifo.gaxisf.axisf/grf.rf/gntv_or_sync_fifo.mem/gbm.
gbmg.gbmga.ngecc.bmg/gnativebmg.native_blk_mem_gen/doutb_i<9>" is loadless and
has been removed.
The signal
"U0/xst_fifo_generator/gaxis_fifo.gaxisf.axisf/grf.rf/gntv_or_sync_fifo.mem/dout
_i<10>" is loadless and has been removed.
 Loadless block
"U0/xst_fifo_generator/gaxis_fifo.gaxisf.axisf/grf.rf/gntv_or_sync_fifo.mem/dout
_i_10" (FF) removed.
  The signal
"U0/xst_fifo_generator/gaxis_fifo.gaxisf.axisf/grf.rf/gntv_or_sync_fifo.mem/gbm.
gbmg.gbmga.ngecc.bmg/gnativebmg.native_blk_mem_gen/doutb_i<10>" is loadless and
has been removed.
The signal
"U0/xst_fifo_generator/gaxis_fifo.gaxisf.axisf/grf.rf/gntv_or_sync_fifo.mem/dout
_i<11>" is loadless and has been removed.
 Loadless block
"U0/xst_fifo_generator/gaxis_fifo.gaxisf.axisf/grf.rf/gntv_or_sync_fifo.mem/dout
_i_11" (FF) removed.
  The signal
"U0/xst_fifo_generator/gaxis_fifo.gaxisf.axisf/grf.rf/gntv_or_sync_fifo.mem/gbm.
gbmg.gbmga.ngecc.bmg/gnativebmg.native_blk_mem_gen/doutb_i<11>" is loadless and
has been removed.
The signal
"U0/xst_fifo_generator/gaxis_fifo.gaxisf.axisf/grf.rf/gntv_or_sync_fifo.mem/dout
_i<12>" is loadless and has been removed.
 Loadless block
"U0/xst_fifo_generator/gaxis_fifo.gaxisf.axisf/grf.rf/gntv_or_sync_fifo.mem/dout
_i_12" (FF) removed.
  The signal
"U0/xst_fifo_generator/gaxis_fifo.gaxisf.axisf/grf.rf/gntv_or_sync_fifo.mem/gbm.
gbmg.gbmga.ngecc.bmg/gnativebmg.native_blk_mem_gen/doutb_i<12>" is loadless and
has been removed.
The signal
"U0/xst_fifo_generator/gaxis_fifo.gaxisf.axisf/grf.rf/gntv_or_sync_fifo.mem/dout
_i<13>" is loadless and has been removed.
 Loadless block
"U0/xst_fifo_generator/gaxis_fifo.gaxisf.axisf/grf.rf/gntv_or_sync_fifo.mem/dout
_i_13" (FF) removed.
  The signal
"U0/xst_fifo_generator/gaxis_fifo.gaxisf.axisf/grf.rf/gntv_or_sync_fifo.mem/gbm.
gbmg.gbmga.ngecc.bmg/gnativebmg.native_blk_mem_gen/doutb_i<13>" is loadless and
has been removed.
The signal
"U0/xst_fifo_generator/gaxis_fifo.gaxisf.axisf/grf.rf/gntv_or_sync_fifo.mem/dout
_i<14>" is loadless and has been removed.
 Loadless block
"U0/xst_fifo_generator/gaxis_fifo.gaxisf.axisf/grf.rf/gntv_or_sync_fifo.mem/dout
_i_14" (FF) removed.
  The signal
"U0/xst_fifo_generator/gaxis_fifo.gaxisf.axisf/grf.rf/gntv_or_sync_fifo.mem/gbm.
gbmg.gbmga.ngecc.bmg/gnativebmg.native_blk_mem_gen/doutb_i<14>" is loadless and
has been removed.
The signal
"U0/xst_fifo_generator/gaxis_fifo.gaxisf.axisf/grf.rf/gntv_or_sync_fifo.mem/dout
_i<15>" is loadless and has been removed.
 Loadless block
"U0/xst_fifo_generator/gaxis_fifo.gaxisf.axisf/grf.rf/gntv_or_sync_fifo.mem/dout
_i_15" (FF) removed.
  The signal
"U0/xst_fifo_generator/gaxis_fifo.gaxisf.axisf/grf.rf/gntv_or_sync_fifo.mem/gbm.
gbmg.gbmga.ngecc.bmg/gnativebmg.native_blk_mem_gen/doutb_i<15>" is loadless and
has been removed.
The signal
"U0/xst_fifo_generator/gaxis_fifo.gaxisf.axisf/grf.rf/gntv_or_sync_fifo.mem/dout
_i<16>" is loadless and has been removed.
 Loadless block
"U0/xst_fifo_generator/gaxis_fifo.gaxisf.axisf/grf.rf/gntv_or_sync_fifo.mem/dout
_i_16" (FF) removed.
  The signal
"U0/xst_fifo_generator/gaxis_fifo.gaxisf.axisf/grf.rf/gntv_or_sync_fifo.mem/gbm.
gbmg.gbmga.ngecc.bmg/gnativebmg.native_blk_mem_gen/doutb_i<16>" is loadless and
has been removed.
The signal
"U0/xst_fifo_generator/gaxis_fifo.gaxisf.axisf/grf.rf/gntv_or_sync_fifo.mem/dout
_i<17>" is loadless and has been removed.
 Loadless block
"U0/xst_fifo_generator/gaxis_fifo.gaxisf.axisf/grf.rf/gntv_or_sync_fifo.mem/dout
_i_17" (FF) removed.
  The signal
"U0/xst_fifo_generator/gaxis_fifo.gaxisf.axisf/grf.rf/gntv_or_sync_fifo.mem/gbm.
gbmg.gbmga.ngecc.bmg/gnativebmg.native_blk_mem_gen/doutb_i<17>" is loadless and
has been removed.
The signal
"U0/xst_fifo_generator/gaxis_fifo.gaxisf.axisf/grf.rf/gntv_or_sync_fifo.mem/dout
_i<18>" is loadless and has been removed.
 Loadless block
"U0/xst_fifo_generator/gaxis_fifo.gaxisf.axisf/grf.rf/gntv_or_sync_fifo.mem/dout
_i_18" (FF) removed.
  The signal
"U0/xst_fifo_generator/gaxis_fifo.gaxisf.axisf/grf.rf/gntv_or_sync_fifo.mem/gbm.
gbmg.gbmga.ngecc.bmg/gnativebmg.native_blk_mem_gen/doutb_i<18>" is loadless and
has been removed.
The signal
"U0/xst_fifo_generator/gaxis_fifo.gaxisf.axisf/grf.rf/gntv_or_sync_fifo.mem/dout
_i<19>" is loadless and has been removed.
 Loadless block
"U0/xst_fifo_generator/gaxis_fifo.gaxisf.axisf/grf.rf/gntv_or_sync_fifo.mem/dout
_i_19" (FF) removed.
  The signal
"U0/xst_fifo_generator/gaxis_fifo.gaxisf.axisf/grf.rf/gntv_or_sync_fifo.mem/gbm.
gbmg.gbmga.ngecc.bmg/gnativebmg.native_blk_mem_gen/doutb_i<19>" is loadless and
has been removed.
The signal
"U0/xst_fifo_generator/gaxis_fifo.gaxisf.axisf/grf.rf/gntv_or_sync_fifo.mem/dout
_i<20>" is loadless and has been removed.
 Loadless block
"U0/xst_fifo_generator/gaxis_fifo.gaxisf.axisf/grf.rf/gntv_or_sync_fifo.mem/dout
_i_20" (FF) removed.
  The signal
"U0/xst_fifo_generator/gaxis_fifo.gaxisf.axisf/grf.rf/gntv_or_sync_fifo.mem/gbm.
gbmg.gbmga.ngecc.bmg/gnativebmg.native_blk_mem_gen/doutb_i<20>" is loadless and
has been removed.
The signal
"U0/xst_fifo_generator/gaxis_fifo.gaxisf.axisf/grf.rf/gntv_or_sync_fifo.mem/dout
_i<21>" is loadless and has been removed.
 Loadless block
"U0/xst_fifo_generator/gaxis_fifo.gaxisf.axisf/grf.rf/gntv_or_sync_fifo.mem/dout
_i_21" (FF) removed.
  The signal
"U0/xst_fifo_generator/gaxis_fifo.gaxisf.axisf/grf.rf/gntv_or_sync_fifo.mem/gbm.
gbmg.gbmga.ngecc.bmg/gnativebmg.native_blk_mem_gen/doutb_i<21>" is loadless and
has been removed.
The signal
"U0/xst_fifo_generator/gaxis_fifo.gaxisf.axisf/grf.rf/gntv_or_sync_fifo.mem/dout
_i<22>" is loadless and has been removed.
 Loadless block
"U0/xst_fifo_generator/gaxis_fifo.gaxisf.axisf/grf.rf/gntv_or_sync_fifo.mem/dout
_i_22" (FF) removed.
  The signal
"U0/xst_fifo_generator/gaxis_fifo.gaxisf.axisf/grf.rf/gntv_or_sync_fifo.mem/gbm.
gbmg.gbmga.ngecc.bmg/gnativebmg.native_blk_mem_gen/doutb_i<22>" is loadless and
has been removed.
The signal
"U0/xst_fifo_generator/gaxis_fifo.gaxisf.axisf/grf.rf/gntv_or_sync_fifo.mem/dout
_i<23>" is loadless and has been removed.
 Loadless block
"U0/xst_fifo_generator/gaxis_fifo.gaxisf.axisf/grf.rf/gntv_or_sync_fifo.mem/dout
_i_23" (FF) removed.
  The signal
"U0/xst_fifo_generator/gaxis_fifo.gaxisf.axisf/grf.rf/gntv_or_sync_fifo.mem/gbm.
gbmg.gbmga.ngecc.bmg/gnativebmg.native_blk_mem_gen/doutb_i<23>" is loadless and
has been removed.
The signal
"U0/xst_fifo_generator/gaxis_fifo.gaxisf.axisf/grf.rf/gntv_or_sync_fifo.mem/dout
_i<24>" is loadless and has been removed.
 Loadless block
"U0/xst_fifo_generator/gaxis_fifo.gaxisf.axisf/grf.rf/gntv_or_sync_fifo.mem/dout
_i_24" (FF) removed.
  The signal
"U0/xst_fifo_generator/gaxis_fifo.gaxisf.axisf/grf.rf/gntv_or_sync_fifo.mem/gbm.
gbmg.gbmga.ngecc.bmg/gnativebmg.native_blk_mem_gen/doutb_i<24>" is loadless and
has been removed.
The signal
"U0/xst_fifo_generator/gaxis_fifo.gaxisf.axisf/grf.rf/gntv_or_sync_fifo.mem/dout
_i<25>" is loadless and has been removed.
 Loadless block
"U0/xst_fifo_generator/gaxis_fifo.gaxisf.axisf/grf.rf/gntv_or_sync_fifo.mem/dout
_i_25" (FF) removed.
  The signal
"U0/xst_fifo_generator/gaxis_fifo.gaxisf.axisf/grf.rf/gntv_or_sync_fifo.mem/gbm.
gbmg.gbmga.ngecc.bmg/gnativebmg.native_blk_mem_gen/doutb_i<25>" is loadless and
has been removed.
The signal
"U0/xst_fifo_generator/gaxis_fifo.gaxisf.axisf/grf.rf/gntv_or_sync_fifo.mem/dout
_i<26>" is loadless and has been removed.
 Loadless block
"U0/xst_fifo_generator/gaxis_fifo.gaxisf.axisf/grf.rf/gntv_or_sync_fifo.mem/dout
_i_26" (FF) removed.
  The signal
"U0/xst_fifo_generator/gaxis_fifo.gaxisf.axisf/grf.rf/gntv_or_sync_fifo.mem/gbm.
gbmg.gbmga.ngecc.bmg/gnativebmg.native_blk_mem_gen/doutb_i<26>" is loadless and
has been removed.
The signal
"U0/xst_fifo_generator/gaxis_fifo.gaxisf.axisf/grf.rf/gntv_or_sync_fifo.mem/dout
_i<27>" is loadless and has been removed.
 Loadless block
"U0/xst_fifo_generator/gaxis_fifo.gaxisf.axisf/grf.rf/gntv_or_sync_fifo.mem/dout
_i_27" (FF) removed.
  The signal
"U0/xst_fifo_generator/gaxis_fifo.gaxisf.axisf/grf.rf/gntv_or_sync_fifo.mem/gbm.
gbmg.gbmga.ngecc.bmg/gnativebmg.native_blk_mem_gen/doutb_i<27>" is loadless and
has been removed.
The signal
"U0/xst_fifo_generator/gaxis_fifo.gaxisf.axisf/grf.rf/gntv_or_sync_fifo.mem/dout
_i<28>" is loadless and has been removed.
 Loadless block
"U0/xst_fifo_generator/gaxis_fifo.gaxisf.axisf/grf.rf/gntv_or_sync_fifo.mem/dout
_i_28" (FF) removed.
  The signal
"U0/xst_fifo_generator/gaxis_fifo.gaxisf.axisf/grf.rf/gntv_or_sync_fifo.mem/gbm.
gbmg.gbmga.ngecc.bmg/gnativebmg.native_blk_mem_gen/doutb_i<28>" is loadless and
has been removed.
The signal
"U0/xst_fifo_generator/gaxis_fifo.gaxisf.axisf/grf.rf/gntv_or_sync_fifo.mem/dout
_i<29>" is loadless and has been removed.
 Loadless block
"U0/xst_fifo_generator/gaxis_fifo.gaxisf.axisf/grf.rf/gntv_or_sync_fifo.mem/dout
_i_29" (FF) removed.
  The signal
"U0/xst_fifo_generator/gaxis_fifo.gaxisf.axisf/grf.rf/gntv_or_sync_fifo.mem/gbm.
gbmg.gbmga.ngecc.bmg/gnativebmg.native_blk_mem_gen/doutb_i<29>" is loadless and
has been removed.
The signal
"U0/xst_fifo_generator/gaxis_fifo.gaxisf.axisf/grf.rf/gntv_or_sync_fifo.mem/dout
_i<30>" is loadless and has been removed.
 Loadless block
"U0/xst_fifo_generator/gaxis_fifo.gaxisf.axisf/grf.rf/gntv_or_sync_fifo.mem/dout
_i_30" (FF) removed.
  The signal
"U0/xst_fifo_generator/gaxis_fifo.gaxisf.axisf/grf.rf/gntv_or_sync_fifo.mem/gbm.
gbmg.gbmga.ngecc.bmg/gnativebmg.native_blk_mem_gen/doutb_i<30>" is loadless and
has been removed.
The signal
"U0/xst_fifo_generator/gaxis_fifo.gaxisf.axisf/grf.rf/gntv_or_sync_fifo.mem/dout
_i<31>" is loadless and has been removed.
 Loadless block
"U0/xst_fifo_generator/gaxis_fifo.gaxisf.axisf/grf.rf/gntv_or_sync_fifo.mem/dout
_i_31" (FF) removed.
  The signal
"U0/xst_fifo_generator/gaxis_fifo.gaxisf.axisf/grf.rf/gntv_or_sync_fifo.mem/gbm.
gbmg.gbmga.ngecc.bmg/gnativebmg.native_blk_mem_gen/doutb_i<31>" is loadless and
has been removed.
The signal "s_axis_tdata<0>" is sourceless and has been removed.
The signal "s_axis_tdata<1>" is sourceless and has been removed.
The signal "s_axis_tdata<2>" is sourceless and has been removed.
The signal "s_axis_tdata<3>" is sourceless and has been removed.
The signal "s_axis_tdata<4>" is sourceless and has been removed.
The signal "s_axis_tdata<5>" is sourceless and has been removed.
The signal "s_axis_tdata<6>" is sourceless and has been removed.
The signal "s_axis_tdata<7>" is sourceless and has been removed.
The signal "s_axis_tdata<8>" is sourceless and has been removed.
The signal "s_axis_tdata<9>" is sourceless and has been removed.
The signal "s_axis_tdata<10>" is sourceless and has been removed.
The signal "s_axis_tdata<11>" is sourceless and has been removed.
The signal "s_axis_tdata<12>" is sourceless and has been removed.
The signal "s_axis_tdata<13>" is sourceless and has been removed.
The signal "s_axis_tdata<14>" is sourceless and has been removed.
The signal "s_axis_tdata<15>" is sourceless and has been removed.
The signal "s_axis_tdata<16>" is sourceless and has been removed.
The signal "s_axis_tdata<17>" is sourceless and has been removed.
The signal "s_axis_tdata<18>" is sourceless and has been removed.
The signal "s_axis_tdata<19>" is sourceless and has been removed.
The signal "s_axis_tdata<20>" is sourceless and has been removed.
The signal "s_axis_tdata<21>" is sourceless and has been removed.
The signal "s_axis_tdata<22>" is sourceless and has been removed.
The signal "s_axis_tdata<23>" is sourceless and has been removed.
The signal "s_axis_tdata<24>" is sourceless and has been removed.
The signal "s_axis_tdata<25>" is sourceless and has been removed.
The signal "s_axis_tdata<26>" is sourceless and has been removed.
The signal "s_axis_tdata<27>" is sourceless and has been removed.
The signal "s_axis_tdata<28>" is sourceless and has been removed.
The signal "s_axis_tdata<29>" is sourceless and has been removed.
The signal "s_axis_tdata<30>" is sourceless and has been removed.
The signal "s_axis_tdata<31>" is sourceless and has been removed.
The signal
"U0/xst_fifo_generator/gaxis_fifo.gaxisf.axisf/grf.rf/gntv_or_sync_fifo.mem/gbm.
gbmg.gbmga.ngecc.bmg/gnativebmg.native_blk_mem_gen/valid.cstr/N0" is sourceless
and has been removed.
The signal
"U0/xst_fifo_generator/gaxis_fifo.gaxisf.axisf/grf.rf/gntv_or_sync_fifo.mem/gbm.
gbmg.gbmga.ngecc.bmg/gnativebmg.native_blk_mem_gen/valid.cstr/DBITERR" is
sourceless and has been removed.
Unused block
"U0/xst_fifo_generator/gaxis_fifo.gaxisf.axisf/grf.rf/gntv_or_sync_fifo.mem/gbm.
gbmg.gbmga.ngecc.bmg/gnativebmg.native_blk_mem_gen/valid.cstr/XST_GND" (ZERO)
removed.
Unused block
"U0/xst_fifo_generator/gaxis_fifo.gaxisf.axisf/grf.rf/gntv_or_sync_fifo.mem/gbm.
gbmg.gbmga.ngecc.bmg/gnativebmg.native_blk_mem_gen/valid.cstr/XST_VCC" (ONE)
removed.
Unused block
"U0/xst_fifo_generator/gaxis_fifo.gaxisf.axisf/grf.rf/gntv_or_sync_fifo.mem/gbm.
gbmg.gbmga.ngecc.bmg/gnativebmg.native_blk_mem_gen/valid.cstr/ramloop[0].ram.r/v
6_noinit.ram/SDP.SIMPLE_PRIM36.ram" (RAMB36E1) removed.
